INFO 2025-10-03 22:22:06 ot_train.py:148 {'batch_size': 64,
 'dataset': {'episodes': None,
             'image_transforms': {'enable': False,
                                  'max_num_transforms': 3,
                                  'random_order': False,
                                  'tfs': {'brightness': {'kwargs': {'brightness': [0.8,
                                                                                   1.2]},
                                                         'type': 'ColorJitter',
                                                         'weight': 1.0},
                                          'contrast': {'kwargs': {'contrast': [0.8,
                                                                               1.2]},
                                                       'type': 'ColorJitter',
                                                       'weight': 1.0},
                                          'hue': {'kwargs': {'hue': [-0.05,
                                                                     0.05]},
                                                  'type': 'ColorJitter',
                                                  'weight': 1.0},
                                          'saturation': {'kwargs': {'saturation': [0.5,
                                                                                   1.5]},
                                                         'type': 'ColorJitter',
                                                         'weight': 1.0},
                                          'sharpness': {'kwargs': {'sharpness': [0.5,
                                                                                 1.5]},
                                                        'type': 'SharpnessJitter',
                                                        'weight': 1.0}}},
             'repo_id': 'grasp_dataset_v30',
             'revision': None,
             'root': '/mnt/data/cqy/workspace/lerobot-20251003/grasp_dataset_v30',
             'streaming': False,
             'use_imagenet_stats': True,
             'video_backend': 'torchcodec'},
 'env': None,
 'eval': {'batch_size': 50, 'n_episodes': 50, 'use_async_envs': False},
 'eval_freq': 0,
 'job_name': 'diffusion_grasp_train',
 'log_freq': 200,
 'num_workers': 8,
 'optimizer': {'betas': [0.95, 0.999],
               'eps': 1e-08,
               'grad_clip_norm': 10.0,
               'lr': 0.0001,
               'type': 'adam',
               'weight_decay': 1e-06},
 'output_dir': '/mnt/data/cqy/workspace/lerobot-20251003/output/diffusion_train_20251003_222201_5883',
 'policy': {'beta_end': 0.02,
            'beta_schedule': 'squaredcos_cap_v2',
            'beta_start': 0.0001,
            'clip_sample': True,
            'clip_sample_range': 1.0,
            'crop_is_random': True,
            'crop_shape': [84, 84],
            'device': 'cuda',
            'diffusion_step_embed_dim': 128,
            'do_mask_loss_for_padding': False,
            'down_dims': [512, 1024, 2048],
            'drop_n_last_frames': 7,
            'horizon': 16,
            'input_features': {},
            'kernel_size': 5,
            'license': None,
            'n_action_steps': 8,
            'n_groups': 8,
            'n_obs_steps': 2,
            'noise_scheduler_type': 'DDPM',
            'normalization_mapping': {'ACTION': <NormalizationMode.MIN_MAX: 'MIN_MAX'>,
                                      'STATE': <NormalizationMode.MIN_MAX: 'MIN_MAX'>,
                                      'VISUAL': <NormalizationMode.MEAN_STD: 'MEAN_STD'>},
            'num_inference_steps': None,
            'num_train_timesteps': 100,
            'optimizer_betas': [0.95, 0.999],
            'optimizer_eps': 1e-08,
            'optimizer_lr': 0.0001,
            'optimizer_weight_decay': 1e-06,
            'output_features': {},
            'prediction_type': 'epsilon',
            'pretrained_backbone_weights': None,
            'private': None,
            'push_to_hub': False,
            'repo_id': None,
            'scheduler_name': 'cosine',
            'scheduler_warmup_steps': 500,
            'spatial_softmax_num_keypoints': 32,
            'tags': None,
            'type': 'diffusion',
            'use_amp': False,
            'use_film_scale_modulation': True,
            'use_group_norm': True,
            'use_separate_rgb_encoder_per_camera': False,
            'vision_backbone': 'resnet18'},
 'resume': False,
 'save_checkpoint': True,
 'save_freq': 4000,
 'scheduler': {'name': 'cosine', 'num_warmup_steps': 500, 'type': 'diffuser'},
 'seed': 1000,
 'steps': 500000,
 'use_policy_training_preset': True,
 'wandb': {'disable_artifact': False,
           'enable': False,
           'entity': None,
           'mode': None,
           'notes': None,
           'project': 'lerobot',
           'run_id': None}}
INFO 2025-10-03 22:22:06 ot_train.py:154 Logs will be saved locally.
INFO 2025-10-03 22:22:06 ot_train.py:164 Creating dataset
INFO 2025-10-03 22:22:09 ot_train.py:175 Creating policy
INFO 2025-10-03 22:22:10 ot_train.py:206 Creating optimizer and scheduler
INFO 2025-10-03 22:22:10 ot_train.py:218 Output dir: /mnt/data/cqy/workspace/lerobot-20251003/output/diffusion_train_20251003_222201_5883
INFO 2025-10-03 22:22:10 ot_train.py:221 cfg.steps=500000 (500K)
INFO 2025-10-03 22:22:10 ot_train.py:222 dataset.num_frames=237875 (238K)
INFO 2025-10-03 22:22:10 ot_train.py:223 dataset.num_episodes=700
INFO 2025-10-03 22:22:10 ot_train.py:224 num_learnable_params=266622758 (267M)
INFO 2025-10-03 22:22:10 ot_train.py:225 num_total_params=266622758 (267M)
INFO 2025-10-03 22:22:11 ot_train.py:266 Start offline training on a fixed dataset
INFO 2025-10-03 22:23:45 ot_train.py:293 step:200 smpl:13K ep:38 epch:0.05 loss:0.527 grdn:3.865 lr:2.0e-05 updt_s:0.092 data_s:0.378
INFO 2025-10-03 22:25:16 ot_train.py:293 step:400 smpl:26K ep:75 epch:0.11 loss:0.082 grdn:2.520 lr:6.0e-05 updt_s:0.071 data_s:0.384
INFO 2025-10-03 22:26:44 ot_train.py:293 step:600 smpl:38K ep:113 epch:0.16 loss:0.056 grdn:1.453 lr:9.5e-05 updt_s:0.071 data_s:0.370
INFO 2025-10-03 22:28:11 ot_train.py:293 step:800 smpl:51K ep:151 epch:0.22 loss:0.043 grdn:1.072 lr:1.0e-04 updt_s:0.070 data_s:0.363
INFO 2025-10-03 22:29:37 ot_train.py:293 step:1K smpl:64K ep:188 epch:0.27 loss:0.037 grdn:0.841 lr:1.0e-04 updt_s:0.070 data_s:0.360
INFO 2025-10-03 22:31:01 ot_train.py:293 step:1K smpl:77K ep:226 epch:0.32 loss:0.035 grdn:0.813 lr:1.0e-04 updt_s:0.070 data_s:0.351
INFO 2025-10-03 22:32:22 ot_train.py:293 step:1K smpl:90K ep:264 epch:0.38 loss:0.032 grdn:0.666 lr:1.0e-04 updt_s:0.070 data_s:0.335
INFO 2025-10-03 22:33:46 ot_train.py:293 step:2K smpl:102K ep:301 epch:0.43 loss:0.030 grdn:0.642 lr:1.0e-04 updt_s:0.071 data_s:0.347
INFO 2025-10-03 22:35:11 ot_train.py:293 step:2K smpl:115K ep:339 epch:0.48 loss:0.029 grdn:0.611 lr:1.0e-04 updt_s:0.071 data_s:0.353
INFO 2025-10-03 22:36:33 ot_train.py:293 step:2K smpl:128K ep:377 epch:0.54 loss:0.027 grdn:0.563 lr:1.0e-04 updt_s:0.071 data_s:0.343
INFO 2025-10-03 22:37:57 ot_train.py:293 step:2K smpl:141K ep:414 epch:0.59 loss:0.027 grdn:0.508 lr:1.0e-04 updt_s:0.072 data_s:0.344
INFO 2025-10-03 22:39:18 ot_train.py:293 step:2K smpl:154K ep:452 epch:0.65 loss:0.028 grdn:0.551 lr:1.0e-04 updt_s:0.071 data_s:0.335
INFO 2025-10-03 22:40:40 ot_train.py:293 step:3K smpl:166K ep:490 epch:0.70 loss:0.025 grdn:0.437 lr:1.0e-04 updt_s:0.071 data_s:0.339
INFO 2025-10-03 22:42:02 ot_train.py:293 step:3K smpl:179K ep:527 epch:0.75 loss:0.024 grdn:0.464 lr:1.0e-04 updt_s:0.070 data_s:0.339
INFO 2025-10-03 22:43:24 ot_train.py:293 step:3K smpl:192K ep:565 epch:0.81 loss:0.024 grdn:0.453 lr:1.0e-04 updt_s:0.070 data_s:0.341
INFO 2025-10-03 22:44:47 ot_train.py:293 step:3K smpl:205K ep:603 epch:0.86 loss:0.024 grdn:0.414 lr:1.0e-04 updt_s:0.071 data_s:0.341
INFO 2025-10-03 22:46:09 ot_train.py:293 step:3K smpl:218K ep:640 epch:0.91 loss:0.023 grdn:0.443 lr:1.0e-04 updt_s:0.070 data_s:0.342
INFO 2025-10-03 22:47:31 ot_train.py:293 step:4K smpl:230K ep:678 epch:0.97 loss:0.024 grdn:0.407 lr:1.0e-04 updt_s:0.071 data_s:0.339
INFO 2025-10-03 22:48:51 ot_train.py:293 step:4K smpl:243K ep:716 epch:1.02 loss:0.023 grdn:0.399 lr:1.0e-04 updt_s:0.072 data_s:0.327
INFO 2025-10-03 22:50:05 ot_train.py:293 step:4K smpl:256K ep:753 epch:1.08 loss:0.022 grdn:0.413 lr:1.0e-04 updt_s:0.072 data_s:0.298
INFO 2025-10-03 22:50:05 ot_train.py:302 Checkpoint policy after step 4000
INFO 2025-10-03 22:51:21 ot_train.py:293 step:4K smpl:269K ep:791 epch:1.13 loss:0.022 grdn:0.395 lr:1.0e-04 updt_s:0.071 data_s:0.274
INFO 2025-10-03 22:52:34 ot_train.py:293 step:4K smpl:282K ep:829 epch:1.18 loss:0.022 grdn:0.368 lr:1.0e-04 updt_s:0.071 data_s:0.293
INFO 2025-10-03 22:53:48 ot_train.py:293 step:5K smpl:294K ep:866 epch:1.24 loss:0.022 grdn:0.357 lr:1.0e-04 updt_s:0.072 data_s:0.295
INFO 2025-10-03 22:55:01 ot_train.py:293 step:5K smpl:307K ep:904 epch:1.29 loss:0.022 grdn:0.366 lr:1.0e-04 updt_s:0.072 data_s:0.292
INFO 2025-10-03 22:56:14 ot_train.py:293 step:5K smpl:320K ep:942 epch:1.35 loss:0.022 grdn:0.363 lr:1.0e-04 updt_s:0.072 data_s:0.293
INFO 2025-10-03 22:57:26 ot_train.py:293 step:5K smpl:333K ep:979 epch:1.40 loss:0.022 grdn:0.339 lr:1.0e-04 updt_s:0.071 data_s:0.291
INFO 2025-10-03 22:58:39 ot_train.py:293 step:5K smpl:346K ep:1K epch:1.45 loss:0.021 grdn:0.351 lr:1.0e-04 updt_s:0.071 data_s:0.291
INFO 2025-10-03 22:59:52 ot_train.py:293 step:6K smpl:358K ep:1K epch:1.51 loss:0.021 grdn:0.351 lr:1.0e-04 updt_s:0.072 data_s:0.292
INFO 2025-10-03 23:01:05 ot_train.py:293 step:6K smpl:371K ep:1K epch:1.56 loss:0.022 grdn:0.332 lr:1.0e-04 updt_s:0.072 data_s:0.292
INFO 2025-10-03 23:02:18 ot_train.py:293 step:6K smpl:384K ep:1K epch:1.61 loss:0.022 grdn:0.322 lr:1.0e-04 updt_s:0.071 data_s:0.295
INFO 2025-10-03 23:03:30 ot_train.py:293 step:6K smpl:397K ep:1K epch:1.67 loss:0.021 grdn:0.325 lr:1.0e-04 updt_s:0.071 data_s:0.290
INFO 2025-10-03 23:04:43 ot_train.py:293 step:6K smpl:410K ep:1K epch:1.72 loss:0.021 grdn:0.334 lr:1.0e-04 updt_s:0.071 data_s:0.290
INFO 2025-10-03 23:05:56 ot_train.py:293 step:7K smpl:422K ep:1K epch:1.78 loss:0.020 grdn:0.300 lr:1.0e-04 updt_s:0.071 data_s:0.293
INFO 2025-10-03 23:07:09 ot_train.py:293 step:7K smpl:435K ep:1K epch:1.83 loss:0.020 grdn:0.302 lr:1.0e-04 updt_s:0.072 data_s:0.293
INFO 2025-10-03 23:08:21 ot_train.py:293 step:7K smpl:448K ep:1K epch:1.88 loss:0.020 grdn:0.312 lr:1.0e-04 updt_s:0.070 data_s:0.293
INFO 2025-10-03 23:09:36 ot_train.py:293 step:7K smpl:461K ep:1K epch:1.94 loss:0.020 grdn:0.309 lr:1.0e-04 updt_s:0.072 data_s:0.298
INFO 2025-10-03 23:10:49 ot_train.py:293 step:7K smpl:474K ep:1K epch:1.99 loss:0.021 grdn:0.303 lr:1.0e-04 updt_s:0.072 data_s:0.295
INFO 2025-10-03 23:11:59 ot_train.py:293 step:8K smpl:486K ep:1K epch:2.04 loss:0.020 grdn:0.289 lr:1.0e-04 updt_s:0.073 data_s:0.276
INFO 2025-10-03 23:13:11 ot_train.py:293 step:8K smpl:499K ep:1K epch:2.10 loss:0.020 grdn:0.299 lr:1.0e-04 updt_s:0.071 data_s:0.289
INFO 2025-10-03 23:14:22 ot_train.py:293 step:8K smpl:512K ep:2K epch:2.15 loss:0.020 grdn:0.281 lr:1.0e-04 updt_s:0.071 data_s:0.285
INFO 2025-10-03 23:14:22 ot_train.py:302 Checkpoint policy after step 8000
INFO 2025-10-03 23:15:37 ot_train.py:293 step:8K smpl:525K ep:2K epch:2.21 loss:0.019 grdn:0.280 lr:1.0e-04 updt_s:0.070 data_s:0.266
INFO 2025-10-03 23:16:48 ot_train.py:293 step:8K smpl:538K ep:2K epch:2.26 loss:0.019 grdn:0.274 lr:1.0e-04 updt_s:0.070 data_s:0.284
INFO 2025-10-03 23:17:59 ot_train.py:293 step:9K smpl:550K ep:2K epch:2.31 loss:0.019 grdn:0.265 lr:1.0e-04 updt_s:0.071 data_s:0.285
INFO 2025-10-03 23:19:11 ot_train.py:293 step:9K smpl:563K ep:2K epch:2.37 loss:0.020 grdn:0.292 lr:1.0e-04 updt_s:0.071 data_s:0.287
INFO 2025-10-03 23:20:22 ot_train.py:293 step:9K smpl:576K ep:2K epch:2.42 loss:0.019 grdn:0.274 lr:1.0e-04 updt_s:0.071 data_s:0.282
INFO 2025-10-03 23:21:33 ot_train.py:293 step:9K smpl:589K ep:2K epch:2.48 loss:0.019 grdn:0.266 lr:1.0e-04 updt_s:0.070 data_s:0.285
INFO 2025-10-03 23:22:44 ot_train.py:293 step:9K smpl:602K ep:2K epch:2.53 loss:0.020 grdn:0.267 lr:1.0e-04 updt_s:0.070 data_s:0.286
INFO 2025-10-03 23:23:56 ot_train.py:293 step:10K smpl:614K ep:2K epch:2.58 loss:0.019 grdn:0.269 lr:1.0e-04 updt_s:0.071 data_s:0.287
INFO 2025-10-03 23:25:08 ot_train.py:293 step:10K smpl:627K ep:2K epch:2.64 loss:0.019 grdn:0.251 lr:1.0e-04 updt_s:0.071 data_s:0.289
INFO 2025-10-03 23:26:19 ot_train.py:293 step:10K smpl:640K ep:2K epch:2.69 loss:0.019 grdn:0.268 lr:1.0e-04 updt_s:0.071 data_s:0.286
INFO 2025-10-03 23:27:30 ot_train.py:293 step:10K smpl:653K ep:2K epch:2.74 loss:0.018 grdn:0.248 lr:1.0e-04 updt_s:0.072 data_s:0.280
INFO 2025-10-03 23:28:42 ot_train.py:293 step:10K smpl:666K ep:2K epch:2.80 loss:0.018 grdn:0.251 lr:1.0e-04 updt_s:0.074 data_s:0.287
INFO 2025-10-03 23:29:54 ot_train.py:293 step:11K smpl:678K ep:2K epch:2.85 loss:0.018 grdn:0.245 lr:1.0e-04 updt_s:0.073 data_s:0.285
INFO 2025-10-03 23:31:06 ot_train.py:293 step:11K smpl:691K ep:2K epch:2.91 loss:0.018 grdn:0.236 lr:1.0e-04 updt_s:0.073 data_s:0.285
INFO 2025-10-03 23:32:21 ot_train.py:293 step:11K smpl:704K ep:2K epch:2.96 loss:0.019 grdn:0.243 lr:1.0e-04 updt_s:0.073 data_s:0.302
INFO 2025-10-03 23:33:30 ot_train.py:293 step:11K smpl:717K ep:2K epch:3.01 loss:0.018 grdn:0.254 lr:1.0e-04 updt_s:0.070 data_s:0.275
INFO 2025-10-03 23:34:39 ot_train.py:293 step:11K smpl:730K ep:2K epch:3.07 loss:0.018 grdn:0.249 lr:1.0e-04 updt_s:0.070 data_s:0.278
INFO 2025-10-03 23:35:49 ot_train.py:293 step:12K smpl:742K ep:2K epch:3.12 loss:0.018 grdn:0.252 lr:1.0e-04 updt_s:0.070 data_s:0.277
INFO 2025-10-03 23:36:59 ot_train.py:293 step:12K smpl:755K ep:2K epch:3.17 loss:0.018 grdn:0.249 lr:1.0e-04 updt_s:0.070 data_s:0.282
INFO 2025-10-03 23:38:09 ot_train.py:293 step:12K smpl:768K ep:2K epch:3.23 loss:0.018 grdn:0.253 lr:1.0e-04 updt_s:0.070 data_s:0.279
INFO 2025-10-03 23:38:09 ot_train.py:302 Checkpoint policy after step 12000
INFO 2025-10-03 23:39:44 ot_train.py:293 step:12K smpl:781K ep:2K epch:3.28 loss:0.018 grdn:0.240 lr:1.0e-04 updt_s:0.089 data_s:0.352
INFO 2025-10-03 23:41:07 ot_train.py:293 step:12K smpl:794K ep:2K epch:3.34 loss:0.018 grdn:0.248 lr:1.0e-04 updt_s:0.081 data_s:0.336
INFO 2025-10-03 23:42:43 ot_train.py:293 step:13K smpl:806K ep:2K epch:3.39 loss:0.017 grdn:0.245 lr:1.0e-04 updt_s:0.089 data_s:0.388
INFO 2025-10-03 23:44:19 ot_train.py:293 step:13K smpl:819K ep:2K epch:3.44 loss:0.018 grdn:0.245 lr:1.0e-04 updt_s:0.090 data_s:0.391
INFO 2025-10-03 23:45:53 ot_train.py:293 step:13K smpl:832K ep:2K epch:3.50 loss:0.017 grdn:0.248 lr:1.0e-04 updt_s:0.092 data_s:0.378
INFO 2025-10-03 23:47:19 ot_train.py:293 step:13K smpl:845K ep:2K epch:3.55 loss:0.018 grdn:0.235 lr:1.0e-04 updt_s:0.083 data_s:0.346
INFO 2025-10-03 23:48:41 ot_train.py:293 step:13K smpl:858K ep:3K epch:3.61 loss:0.018 grdn:0.246 lr:1.0e-04 updt_s:0.081 data_s:0.329
INFO 2025-10-03 23:50:08 ot_train.py:293 step:14K smpl:870K ep:3K epch:3.66 loss:0.017 grdn:0.234 lr:1.0e-04 updt_s:0.085 data_s:0.347
INFO 2025-10-03 23:51:30 ot_train.py:293 step:14K smpl:883K ep:3K epch:3.71 loss:0.017 grdn:0.223 lr:1.0e-04 updt_s:0.081 data_s:0.329
INFO 2025-10-03 23:52:49 ot_train.py:293 step:14K smpl:896K ep:3K epch:3.77 loss:0.018 grdn:0.241 lr:1.0e-04 updt_s:0.078 data_s:0.318
INFO 2025-10-03 23:54:04 ot_train.py:293 step:14K smpl:909K ep:3K epch:3.82 loss:0.017 grdn:0.231 lr:1.0e-04 updt_s:0.077 data_s:0.298
INFO 2025-10-03 23:55:19 ot_train.py:293 step:14K smpl:922K ep:3K epch:3.87 loss:0.017 grdn:0.238 lr:1.0e-04 updt_s:0.075 data_s:0.300
INFO 2025-10-03 23:56:40 ot_train.py:293 step:15K smpl:934K ep:3K epch:3.93 loss:0.017 grdn:0.224 lr:1.0e-04 updt_s:0.075 data_s:0.331
INFO 2025-10-03 23:57:52 ot_train.py:293 step:15K smpl:947K ep:3K epch:3.98 loss:0.016 grdn:0.226 lr:1.0e-04 updt_s:0.070 data_s:0.288
INFO 2025-10-03 23:59:05 ot_train.py:293 step:15K smpl:960K ep:3K epch:4.04 loss:0.017 grdn:0.223 lr:1.0e-04 updt_s:0.072 data_s:0.294
INFO 2025-10-04 00:00:18 ot_train.py:293 step:15K smpl:973K ep:3K epch:4.09 loss:0.017 grdn:0.232 lr:1.0e-04 updt_s:0.073 data_s:0.291
INFO 2025-10-04 00:01:31 ot_train.py:293 step:15K smpl:986K ep:3K epch:4.14 loss:0.017 grdn:0.225 lr:1.0e-04 updt_s:0.074 data_s:0.292
INFO 2025-10-04 00:02:43 ot_train.py:293 step:16K smpl:998K ep:3K epch:4.20 loss:0.017 grdn:0.225 lr:1.0e-04 updt_s:0.072 data_s:0.288
INFO 2025-10-04 00:03:57 ot_train.py:293 step:16K smpl:1M ep:3K epch:4.25 loss:0.017 grdn:0.228 lr:1.0e-04 updt_s:0.072 data_s:0.293
INFO 2025-10-04 00:05:09 ot_train.py:293 step:16K smpl:1M ep:3K epch:4.30 loss:0.017 grdn:0.225 lr:1.0e-04 updt_s:0.071 data_s:0.290
INFO 2025-10-04 00:05:09 ot_train.py:302 Checkpoint policy after step 16000
INFO 2025-10-04 00:06:54 ot_train.py:293 step:16K smpl:1M ep:3K epch:4.36 loss:0.017 grdn:0.223 lr:1.0e-04 updt_s:0.097 data_s:0.388
INFO 2025-10-04 00:08:20 ot_train.py:293 step:16K smpl:1M ep:3K epch:4.41 loss:0.017 grdn:0.217 lr:1.0e-04 updt_s:0.082 data_s:0.348
INFO 2025-10-04 00:09:40 ot_train.py:293 step:17K smpl:1M ep:3K epch:4.47 loss:0.017 grdn:0.227 lr:1.0e-04 updt_s:0.075 data_s:0.323
INFO 2025-10-04 00:11:06 ot_train.py:293 step:17K smpl:1M ep:3K epch:4.52 loss:0.016 grdn:0.230 lr:1.0e-04 updt_s:0.079 data_s:0.349
INFO 2025-10-04 00:12:39 ot_train.py:293 step:17K smpl:1M ep:3K epch:4.57 loss:0.016 grdn:0.217 lr:1.0e-04 updt_s:0.087 data_s:0.377
INFO 2025-10-04 00:14:08 ot_train.py:293 step:17K smpl:1M ep:3K epch:4.63 loss:0.016 grdn:0.213 lr:1.0e-04 updt_s:0.088 data_s:0.360
INFO 2025-10-04 00:15:41 ot_train.py:293 step:17K smpl:1M ep:3K epch:4.68 loss:0.017 grdn:0.230 lr:1.0e-04 updt_s:0.090 data_s:0.374
INFO 2025-10-04 00:17:02 ot_train.py:293 step:18K smpl:1M ep:3K epch:4.74 loss:0.017 grdn:0.207 lr:1.0e-04 updt_s:0.078 data_s:0.323
INFO 2025-10-04 00:18:23 ot_train.py:293 step:18K smpl:1M ep:3K epch:4.79 loss:0.016 grdn:0.214 lr:1.0e-04 updt_s:0.075 data_s:0.331
INFO 2025-10-04 00:19:48 ot_train.py:293 step:18K smpl:1M ep:3K epch:4.84 loss:0.017 grdn:0.217 lr:1.0e-04 updt_s:0.081 data_s:0.343
INFO 2025-10-04 00:21:17 ot_train.py:293 step:18K smpl:1M ep:3K epch:4.90 loss:0.016 grdn:0.215 lr:1.0e-04 updt_s:0.087 data_s:0.361
INFO 2025-10-04 00:22:47 ot_train.py:293 step:18K smpl:1M ep:3K epch:4.95 loss:0.017 grdn:0.225 lr:1.0e-04 updt_s:0.083 data_s:0.365
INFO 2025-10-04 00:24:13 ot_train.py:293 step:19K smpl:1M ep:4K epch:5.00 loss:0.016 grdn:0.206 lr:1.0e-04 updt_s:0.085 data_s:0.343
INFO 2025-10-04 00:25:40 ot_train.py:293 step:19K smpl:1M ep:4K epch:5.06 loss:0.016 grdn:0.202 lr:1.0e-04 updt_s:0.084 data_s:0.350
INFO 2025-10-04 00:27:06 ot_train.py:293 step:19K smpl:1M ep:4K epch:5.11 loss:0.016 grdn:0.210 lr:1.0e-04 updt_s:0.083 data_s:0.348
INFO 2025-10-04 00:28:43 ot_train.py:293 step:19K smpl:1M ep:4K epch:5.17 loss:0.016 grdn:0.214 lr:1.0e-04 updt_s:0.093 data_s:0.392
INFO 2025-10-04 00:30:12 ot_train.py:293 step:19K smpl:1M ep:4K epch:5.22 loss:0.016 grdn:0.214 lr:1.0e-04 updt_s:0.087 data_s:0.358
INFO 2025-10-04 00:31:39 ot_train.py:293 step:20K smpl:1M ep:4K epch:5.27 loss:0.016 grdn:0.206 lr:1.0e-04 updt_s:0.084 data_s:0.351
INFO 2025-10-04 00:33:08 ot_train.py:293 step:20K smpl:1M ep:4K epch:5.33 loss:0.016 grdn:0.227 lr:1.0e-04 updt_s:0.084 data_s:0.359
INFO 2025-10-04 00:34:46 ot_train.py:293 step:20K smpl:1M ep:4K epch:5.38 loss:0.016 grdn:0.226 lr:1.0e-04 updt_s:0.096 data_s:0.394
INFO 2025-10-04 00:34:46 ot_train.py:302 Checkpoint policy after step 20000
INFO 2025-10-04 00:36:10 ot_train.py:293 step:20K smpl:1M ep:4K epch:5.43 loss:0.016 grdn:0.220 lr:1.0e-04 updt_s:0.078 data_s:0.309
INFO 2025-10-04 00:37:32 ot_train.py:293 step:20K smpl:1M ep:4K epch:5.49 loss:0.016 grdn:0.212 lr:1.0e-04 updt_s:0.076 data_s:0.332
INFO 2025-10-04 00:38:57 ot_train.py:293 step:21K smpl:1M ep:4K epch:5.54 loss:0.016 grdn:0.224 lr:1.0e-04 updt_s:0.083 data_s:0.339
INFO 2025-10-04 00:40:21 ot_train.py:293 step:21K smpl:1M ep:4K epch:5.60 loss:0.016 grdn:0.210 lr:1.0e-04 updt_s:0.083 data_s:0.338
INFO 2025-10-04 00:41:44 ot_train.py:293 step:21K smpl:1M ep:4K epch:5.65 loss:0.016 grdn:0.215 lr:1.0e-04 updt_s:0.078 data_s:0.338
INFO 2025-10-04 00:43:11 ot_train.py:293 step:21K smpl:1M ep:4K epch:5.70 loss:0.016 grdn:0.207 lr:1.0e-04 updt_s:0.082 data_s:0.352
INFO 2025-10-04 00:44:47 ot_train.py:293 step:21K smpl:1M ep:4K epch:5.76 loss:0.016 grdn:0.207 lr:1.0e-04 updt_s:0.092 data_s:0.389
INFO 2025-10-04 00:46:12 ot_train.py:293 step:22K smpl:1M ep:4K epch:5.81 loss:0.015 grdn:0.218 lr:1.0e-04 updt_s:0.082 data_s:0.340
INFO 2025-10-04 00:47:38 ot_train.py:293 step:22K smpl:1M ep:4K epch:5.87 loss:0.015 grdn:0.209 lr:1.0e-04 updt_s:0.081 data_s:0.350
INFO 2025-10-04 00:49:15 ot_train.py:293 step:22K smpl:1M ep:4K epch:5.92 loss:0.016 grdn:0.221 lr:1.0e-04 updt_s:0.087 data_s:0.396
INFO 2025-10-04 00:50:39 ot_train.py:293 step:22K smpl:1M ep:4K epch:5.97 loss:0.016 grdn:0.212 lr:1.0e-04 updt_s:0.078 data_s:0.340
INFO 2025-10-04 00:52:20 ot_train.py:293 step:22K smpl:1M ep:4K epch:6.03 loss:0.016 grdn:0.215 lr:1.0e-04 updt_s:0.091 data_s:0.415
INFO 2025-10-04 00:53:48 ot_train.py:293 step:23K smpl:1M ep:4K epch:6.08 loss:0.015 grdn:0.193 lr:1.0e-04 updt_s:0.081 data_s:0.357
INFO 2025-10-04 00:55:06 ot_train.py:293 step:23K smpl:1M ep:4K epch:6.13 loss:0.016 grdn:0.210 lr:1.0e-04 updt_s:0.074 data_s:0.316
INFO 2025-10-04 00:56:32 ot_train.py:293 step:23K smpl:1M ep:4K epch:6.19 loss:0.015 grdn:0.206 lr:1.0e-04 updt_s:0.081 data_s:0.350
INFO 2025-10-04 00:57:59 ot_train.py:293 step:23K smpl:1M ep:4K epch:6.24 loss:0.016 grdn:0.209 lr:9.9e-05 updt_s:0.083 data_s:0.353
INFO 2025-10-04 00:59:27 ot_train.py:293 step:23K smpl:1M ep:4K epch:6.30 loss:0.015 grdn:0.205 lr:9.9e-05 updt_s:0.084 data_s:0.352
INFO 2025-10-04 01:00:54 ot_train.py:293 step:24K smpl:2M ep:4K epch:6.35 loss:0.015 grdn:0.195 lr:9.9e-05 updt_s:0.084 data_s:0.353
INFO 2025-10-04 01:02:24 ot_train.py:293 step:24K smpl:2M ep:4K epch:6.40 loss:0.015 grdn:0.207 lr:9.9e-05 updt_s:0.084 data_s:0.363
INFO 2025-10-04 01:03:49 ot_train.py:293 step:24K smpl:2M ep:5K epch:6.46 loss:0.015 grdn:0.212 lr:9.9e-05 updt_s:0.083 data_s:0.343
INFO 2025-10-04 01:03:49 ot_train.py:302 Checkpoint policy after step 24000
INFO 2025-10-04 01:05:34 ot_train.py:293 step:24K smpl:2M ep:5K epch:6.51 loss:0.015 grdn:0.209 lr:9.9e-05 updt_s:0.090 data_s:0.387
INFO 2025-10-04 01:07:07 ot_train.py:293 step:24K smpl:2M ep:5K epch:6.56 loss:0.015 grdn:0.212 lr:9.9e-05 updt_s:0.087 data_s:0.379
INFO 2025-10-04 01:08:49 ot_train.py:293 step:25K smpl:2M ep:5K epch:6.62 loss:0.016 grdn:0.206 lr:9.9e-05 updt_s:0.090 data_s:0.419
INFO 2025-10-04 01:10:14 ot_train.py:293 step:25K smpl:2M ep:5K epch:6.67 loss:0.015 grdn:0.207 lr:9.9e-05 updt_s:0.079 data_s:0.345
INFO 2025-10-04 01:11:41 ot_train.py:293 step:25K smpl:2M ep:5K epch:6.73 loss:0.015 grdn:0.213 lr:9.9e-05 updt_s:0.081 data_s:0.351
INFO 2025-10-04 01:13:06 ot_train.py:293 step:25K smpl:2M ep:5K epch:6.78 loss:0.015 grdn:0.192 lr:9.9e-05 updt_s:0.077 data_s:0.347
INFO 2025-10-04 01:14:28 ot_train.py:293 step:25K smpl:2M ep:5K epch:6.83 loss:0.015 grdn:0.207 lr:9.9e-05 updt_s:0.077 data_s:0.336
INFO 2025-10-04 01:16:02 ot_train.py:293 step:26K smpl:2M ep:5K epch:6.89 loss:0.016 grdn:0.210 lr:9.9e-05 updt_s:0.075 data_s:0.394
INFO 2025-10-04 01:17:28 ot_train.py:293 step:26K smpl:2M ep:5K epch:6.94 loss:0.015 grdn:0.192 lr:9.9e-05 updt_s:0.080 data_s:0.351
INFO 2025-10-04 01:18:57 ot_train.py:293 step:26K smpl:2M ep:5K epch:7.00 loss:0.015 grdn:0.200 lr:9.9e-05 updt_s:0.082 data_s:0.360
INFO 2025-10-04 01:20:15 ot_train.py:293 step:26K smpl:2M ep:5K epch:7.05 loss:0.015 grdn:0.201 lr:9.9e-05 updt_s:0.074 data_s:0.314
INFO 2025-10-04 01:21:36 ot_train.py:293 step:26K smpl:2M ep:5K epch:7.10 loss:0.015 grdn:0.209 lr:9.9e-05 updt_s:0.077 data_s:0.329
INFO 2025-10-04 01:23:02 ot_train.py:293 step:27K smpl:2M ep:5K epch:7.16 loss:0.014 grdn:0.196 lr:9.9e-05 updt_s:0.081 data_s:0.346
INFO 2025-10-04 01:24:25 ot_train.py:293 step:27K smpl:2M ep:5K epch:7.21 loss:0.015 grdn:0.193 lr:9.9e-05 updt_s:0.078 data_s:0.340
INFO 2025-10-04 01:25:45 ot_train.py:293 step:27K smpl:2M ep:5K epch:7.26 loss:0.015 grdn:0.205 lr:9.9e-05 updt_s:0.074 data_s:0.324
INFO 2025-10-04 01:27:07 ot_train.py:293 step:27K smpl:2M ep:5K epch:7.32 loss:0.015 grdn:0.212 lr:9.9e-05 updt_s:0.080 data_s:0.331
INFO 2025-10-04 01:28:29 ot_train.py:293 step:27K smpl:2M ep:5K epch:7.37 loss:0.015 grdn:0.205 lr:9.9e-05 updt_s:0.078 data_s:0.329
INFO 2025-10-04 01:29:49 ot_train.py:293 step:28K smpl:2M ep:5K epch:7.43 loss:0.015 grdn:0.210 lr:9.9e-05 updt_s:0.076 data_s:0.326
INFO 2025-10-04 01:31:13 ot_train.py:293 step:28K smpl:2M ep:5K epch:7.48 loss:0.015 grdn:0.206 lr:9.9e-05 updt_s:0.078 data_s:0.341
INFO 2025-10-04 01:32:36 ot_train.py:293 step:28K smpl:2M ep:5K epch:7.53 loss:0.015 grdn:0.198 lr:9.9e-05 updt_s:0.077 data_s:0.341
INFO 2025-10-04 01:32:36 ot_train.py:302 Checkpoint policy after step 28000
INFO 2025-10-04 01:34:04 ot_train.py:293 step:28K smpl:2M ep:5K epch:7.59 loss:0.015 grdn:0.204 lr:9.9e-05 updt_s:0.076 data_s:0.315
INFO 2025-10-04 01:35:23 ot_train.py:293 step:28K smpl:2M ep:5K epch:7.64 loss:0.015 grdn:0.199 lr:9.9e-05 updt_s:0.074 data_s:0.318
INFO 2025-10-04 01:36:39 ot_train.py:293 step:29K smpl:2M ep:5K epch:7.69 loss:0.015 grdn:0.191 lr:9.9e-05 updt_s:0.071 data_s:0.311
INFO 2025-10-04 01:37:56 ot_train.py:293 step:29K smpl:2M ep:5K epch:7.75 loss:0.015 grdn:0.203 lr:9.9e-05 updt_s:0.072 data_s:0.311
INFO 2025-10-04 01:39:12 ot_train.py:293 step:29K smpl:2M ep:5K epch:7.80 loss:0.015 grdn:0.193 lr:9.9e-05 updt_s:0.072 data_s:0.309
INFO 2025-10-04 01:40:35 ot_train.py:293 step:29K smpl:2M ep:5K epch:7.86 loss:0.015 grdn:0.206 lr:9.9e-05 updt_s:0.075 data_s:0.342
INFO 2025-10-04 01:41:52 ot_train.py:293 step:29K smpl:2M ep:6K epch:7.91 loss:0.015 grdn:0.191 lr:9.9e-05 updt_s:0.072 data_s:0.311
INFO 2025-10-04 01:43:09 ot_train.py:293 step:30K smpl:2M ep:6K epch:7.96 loss:0.015 grdn:0.213 lr:9.9e-05 updt_s:0.071 data_s:0.316
INFO 2025-10-04 01:44:27 ot_train.py:293 step:30K smpl:2M ep:6K epch:8.02 loss:0.015 grdn:0.193 lr:9.9e-05 updt_s:0.072 data_s:0.317
INFO 2025-10-04 01:45:45 ot_train.py:293 step:30K smpl:2M ep:6K epch:8.07 loss:0.015 grdn:0.193 lr:9.9e-05 updt_s:0.072 data_s:0.316
INFO 2025-10-04 01:47:06 ot_train.py:293 step:30K smpl:2M ep:6K epch:8.13 loss:0.015 grdn:0.203 lr:9.9e-05 updt_s:0.072 data_s:0.332
INFO 2025-10-04 01:48:27 ot_train.py:293 step:30K smpl:2M ep:6K epch:8.18 loss:0.015 grdn:0.199 lr:9.9e-05 updt_s:0.073 data_s:0.334
INFO 2025-10-04 01:49:49 ot_train.py:293 step:31K smpl:2M ep:6K epch:8.23 loss:0.015 grdn:0.198 lr:9.9e-05 updt_s:0.076 data_s:0.332
INFO 2025-10-04 01:51:09 ot_train.py:293 step:31K smpl:2M ep:6K epch:8.29 loss:0.015 grdn:0.197 lr:9.9e-05 updt_s:0.078 data_s:0.324
INFO 2025-10-04 01:52:31 ot_train.py:293 step:31K smpl:2M ep:6K epch:8.34 loss:0.015 grdn:0.193 lr:9.9e-05 updt_s:0.076 data_s:0.330
INFO 2025-10-04 01:53:54 ot_train.py:293 step:31K smpl:2M ep:6K epch:8.39 loss:0.015 grdn:0.191 lr:9.9e-05 updt_s:0.078 data_s:0.337
INFO 2025-10-04 01:55:14 ot_train.py:293 step:31K smpl:2M ep:6K epch:8.45 loss:0.015 grdn:0.185 lr:9.9e-05 updt_s:0.077 data_s:0.324
INFO 2025-10-04 01:56:35 ot_train.py:293 step:32K smpl:2M ep:6K epch:8.50 loss:0.015 grdn:0.198 lr:9.9e-05 updt_s:0.077 data_s:0.328
INFO 2025-10-04 01:57:56 ot_train.py:293 step:32K smpl:2M ep:6K epch:8.56 loss:0.014 grdn:0.187 lr:9.9e-05 updt_s:0.076 data_s:0.329
INFO 2025-10-04 01:59:17 ot_train.py:293 step:32K smpl:2M ep:6K epch:8.61 loss:0.015 grdn:0.199 lr:9.9e-05 updt_s:0.078 data_s:0.326
INFO 2025-10-04 01:59:17 ot_train.py:302 Checkpoint policy after step 32000
INFO 2025-10-04 02:00:58 ot_train.py:293 step:32K smpl:2M ep:6K epch:8.66 loss:0.015 grdn:0.205 lr:9.9e-05 updt_s:0.084 data_s:0.375
INFO 2025-10-04 02:02:26 ot_train.py:293 step:32K smpl:2M ep:6K epch:8.72 loss:0.015 grdn:0.202 lr:9.9e-05 updt_s:0.079 data_s:0.365
INFO 2025-10-04 02:03:48 ot_train.py:293 step:33K smpl:2M ep:6K epch:8.77 loss:0.014 grdn:0.193 lr:9.9e-05 updt_s:0.071 data_s:0.338
INFO 2025-10-04 02:05:15 ot_train.py:293 step:33K smpl:2M ep:6K epch:8.82 loss:0.014 grdn:0.193 lr:9.9e-05 updt_s:0.075 data_s:0.357
INFO 2025-10-04 02:06:40 ot_train.py:293 step:33K smpl:2M ep:6K epch:8.88 loss:0.014 grdn:0.181 lr:9.9e-05 updt_s:0.077 data_s:0.346
INFO 2025-10-04 02:08:01 ot_train.py:293 step:33K smpl:2M ep:6K epch:8.93 loss:0.015 grdn:0.190 lr:9.9e-05 updt_s:0.075 data_s:0.333
INFO 2025-10-04 02:09:24 ot_train.py:293 step:33K smpl:2M ep:6K epch:8.99 loss:0.014 grdn:0.204 lr:9.9e-05 updt_s:0.076 data_s:0.338
INFO 2025-10-04 02:10:46 ot_train.py:293 step:34K smpl:2M ep:6K epch:9.04 loss:0.015 grdn:0.198 lr:9.9e-05 updt_s:0.074 data_s:0.333
INFO 2025-10-04 02:12:14 ot_train.py:293 step:34K smpl:2M ep:6K epch:9.09 loss:0.014 grdn:0.179 lr:9.9e-05 updt_s:0.081 data_s:0.362
INFO 2025-10-04 02:13:38 ot_train.py:293 step:34K smpl:2M ep:6K epch:9.15 loss:0.014 grdn:0.187 lr:9.9e-05 updt_s:0.074 data_s:0.344
INFO 2025-10-04 02:14:59 ot_train.py:293 step:34K smpl:2M ep:6K epch:9.20 loss:0.014 grdn:0.205 lr:9.9e-05 updt_s:0.072 data_s:0.333
INFO 2025-10-04 02:16:22 ot_train.py:293 step:34K smpl:2M ep:6K epch:9.26 loss:0.015 grdn:0.198 lr:9.9e-05 updt_s:0.073 data_s:0.339
INFO 2025-10-04 02:17:48 ot_train.py:293 step:35K smpl:2M ep:7K epch:9.31 loss:0.014 grdn:0.189 lr:9.9e-05 updt_s:0.074 data_s:0.358
INFO 2025-10-04 02:19:16 ot_train.py:293 step:35K smpl:2M ep:7K epch:9.36 loss:0.014 grdn:0.186 lr:9.9e-05 updt_s:0.082 data_s:0.355
INFO 2025-10-04 02:20:44 ot_train.py:293 step:35K smpl:2M ep:7K epch:9.42 loss:0.014 grdn:0.186 lr:9.9e-05 updt_s:0.079 data_s:0.363
INFO 2025-10-04 02:22:15 ot_train.py:293 step:35K smpl:2M ep:7K epch:9.47 loss:0.015 grdn:0.184 lr:9.9e-05 updt_s:0.077 data_s:0.379
INFO 2025-10-04 02:23:36 ot_train.py:293 step:35K smpl:2M ep:7K epch:9.52 loss:0.014 grdn:0.185 lr:9.9e-05 updt_s:0.075 data_s:0.327
INFO 2025-10-04 02:24:57 ot_train.py:293 step:36K smpl:2M ep:7K epch:9.58 loss:0.014 grdn:0.193 lr:9.9e-05 updt_s:0.074 data_s:0.334
INFO 2025-10-04 02:26:24 ot_train.py:293 step:36K smpl:2M ep:7K epch:9.63 loss:0.014 grdn:0.199 lr:9.9e-05 updt_s:0.078 data_s:0.354
INFO 2025-10-04 02:27:48 ot_train.py:293 step:36K smpl:2M ep:7K epch:9.69 loss:0.014 grdn:0.181 lr:9.9e-05 updt_s:0.074 data_s:0.344
INFO 2025-10-04 02:27:48 ot_train.py:302 Checkpoint policy after step 36000
INFO 2025-10-04 02:29:14 ot_train.py:293 step:36K smpl:2M ep:7K epch:9.74 loss:0.015 grdn:0.211 lr:9.9e-05 updt_s:0.073 data_s:0.309
INFO 2025-10-04 02:30:37 ot_train.py:293 step:36K smpl:2M ep:7K epch:9.79 loss:0.014 grdn:0.192 lr:9.9e-05 updt_s:0.073 data_s:0.340
INFO 2025-10-04 02:32:00 ot_train.py:293 step:37K smpl:2M ep:7K epch:9.85 loss:0.015 grdn:0.212 lr:9.9e-05 updt_s:0.076 data_s:0.339
INFO 2025-10-04 02:33:20 ot_train.py:293 step:37K smpl:2M ep:7K epch:9.90 loss:0.014 grdn:0.185 lr:9.9e-05 updt_s:0.077 data_s:0.323
INFO 2025-10-04 02:34:40 ot_train.py:293 step:37K smpl:2M ep:7K epch:9.95 loss:0.014 grdn:0.184 lr:9.9e-05 updt_s:0.075 data_s:0.324
INFO 2025-10-04 02:35:59 ot_train.py:293 step:37K smpl:2M ep:7K epch:10.01 loss:0.015 grdn:0.185 lr:9.9e-05 updt_s:0.076 data_s:0.320
INFO 2025-10-04 02:37:18 ot_train.py:293 step:37K smpl:2M ep:7K epch:10.06 loss:0.014 grdn:0.187 lr:9.9e-05 updt_s:0.076 data_s:0.320
INFO 2025-10-04 02:38:37 ot_train.py:293 step:38K smpl:2M ep:7K epch:10.12 loss:0.014 grdn:0.190 lr:9.9e-05 updt_s:0.073 data_s:0.321
INFO 2025-10-04 02:39:55 ot_train.py:293 step:38K smpl:2M ep:7K epch:10.17 loss:0.014 grdn:0.176 lr:9.9e-05 updt_s:0.073 data_s:0.318
INFO 2025-10-04 02:41:14 ot_train.py:293 step:38K smpl:2M ep:7K epch:10.22 loss:0.014 grdn:0.194 lr:9.9e-05 updt_s:0.074 data_s:0.319
INFO 2025-10-04 02:42:33 ot_train.py:293 step:38K smpl:2M ep:7K epch:10.28 loss:0.015 grdn:0.201 lr:9.9e-05 updt_s:0.075 data_s:0.319
INFO 2025-10-04 02:43:52 ot_train.py:293 step:38K smpl:2M ep:7K epch:10.33 loss:0.014 grdn:0.186 lr:9.9e-05 updt_s:0.074 data_s:0.319
INFO 2025-10-04 02:45:11 ot_train.py:293 step:39K smpl:2M ep:7K epch:10.39 loss:0.014 grdn:0.186 lr:9.9e-05 updt_s:0.074 data_s:0.324
INFO 2025-10-04 02:46:30 ot_train.py:293 step:39K smpl:2M ep:7K epch:10.44 loss:0.014 grdn:0.195 lr:9.9e-05 updt_s:0.073 data_s:0.319
INFO 2025-10-04 02:47:48 ot_train.py:293 step:39K smpl:2M ep:7K epch:10.49 loss:0.014 grdn:0.187 lr:9.9e-05 updt_s:0.071 data_s:0.318
INFO 2025-10-04 02:49:06 ot_train.py:293 step:39K smpl:3M ep:7K epch:10.55 loss:0.014 grdn:0.190 lr:9.9e-05 updt_s:0.071 data_s:0.320
INFO 2025-10-04 02:50:26 ot_train.py:293 step:39K smpl:3M ep:7K epch:10.60 loss:0.014 grdn:0.189 lr:9.9e-05 updt_s:0.071 data_s:0.326
INFO 2025-10-04 02:51:45 ot_train.py:293 step:40K smpl:3M ep:7K epch:10.65 loss:0.014 grdn:0.187 lr:9.9e-05 updt_s:0.070 data_s:0.324
INFO 2025-10-04 02:53:03 ot_train.py:293 step:40K smpl:3M ep:7K epch:10.71 loss:0.013 grdn:0.182 lr:9.8e-05 updt_s:0.073 data_s:0.318
INFO 2025-10-04 02:54:21 ot_train.py:293 step:40K smpl:3M ep:8K epch:10.76 loss:0.014 grdn:0.178 lr:9.8e-05 updt_s:0.071 data_s:0.321
INFO 2025-10-04 02:54:21 ot_train.py:302 Checkpoint policy after step 40000
INFO 2025-10-04 02:55:53 ot_train.py:293 step:40K smpl:3M ep:8K epch:10.82 loss:0.014 grdn:0.188 lr:9.8e-05 updt_s:0.075 data_s:0.342
INFO 2025-10-04 02:57:20 ot_train.py:293 step:40K smpl:3M ep:8K epch:10.87 loss:0.014 grdn:0.186 lr:9.8e-05 updt_s:0.078 data_s:0.358
INFO 2025-10-04 02:58:49 ot_train.py:293 step:41K smpl:3M ep:8K epch:10.92 loss:0.014 grdn:0.180 lr:9.8e-05 updt_s:0.078 data_s:0.366
INFO 2025-10-04 03:00:15 ot_train.py:293 step:41K smpl:3M ep:8K epch:10.98 loss:0.014 grdn:0.187 lr:9.8e-05 updt_s:0.073 data_s:0.358
INFO 2025-10-04 03:01:40 ot_train.py:293 step:41K smpl:3M ep:8K epch:11.03 loss:0.013 grdn:0.184 lr:9.8e-05 updt_s:0.071 data_s:0.354
INFO 2025-10-04 03:03:04 ot_train.py:293 step:41K smpl:3M ep:8K epch:11.08 loss:0.014 grdn:0.194 lr:9.8e-05 updt_s:0.073 data_s:0.348
INFO 2025-10-04 03:04:28 ot_train.py:293 step:41K smpl:3M ep:8K epch:11.14 loss:0.014 grdn:0.179 lr:9.8e-05 updt_s:0.072 data_s:0.345
INFO 2025-10-04 03:05:51 ot_train.py:293 step:42K smpl:3M ep:8K epch:11.19 loss:0.015 grdn:0.185 lr:9.8e-05 updt_s:0.073 data_s:0.341
INFO 2025-10-04 03:07:13 ot_train.py:293 step:42K smpl:3M ep:8K epch:11.25 loss:0.014 grdn:0.196 lr:9.8e-05 updt_s:0.072 data_s:0.339
INFO 2025-10-04 03:08:38 ot_train.py:293 step:42K smpl:3M ep:8K epch:11.30 loss:0.014 grdn:0.183 lr:9.8e-05 updt_s:0.074 data_s:0.353
INFO 2025-10-04 03:10:04 ot_train.py:293 step:42K smpl:3M ep:8K epch:11.35 loss:0.014 grdn:0.187 lr:9.8e-05 updt_s:0.074 data_s:0.352
INFO 2025-10-04 03:11:28 ot_train.py:293 step:42K smpl:3M ep:8K epch:11.41 loss:0.014 grdn:0.186 lr:9.8e-05 updt_s:0.073 data_s:0.350
INFO 2025-10-04 03:12:53 ot_train.py:293 step:43K smpl:3M ep:8K epch:11.46 loss:0.014 grdn:0.181 lr:9.8e-05 updt_s:0.075 data_s:0.348
INFO 2025-10-04 03:14:19 ot_train.py:293 step:43K smpl:3M ep:8K epch:11.52 loss:0.014 grdn:0.187 lr:9.8e-05 updt_s:0.075 data_s:0.354
INFO 2025-10-04 03:15:44 ot_train.py:293 step:43K smpl:3M ep:8K epch:11.57 loss:0.014 grdn:0.184 lr:9.8e-05 updt_s:0.074 data_s:0.350
INFO 2025-10-04 03:17:07 ot_train.py:293 step:43K smpl:3M ep:8K epch:11.62 loss:0.014 grdn:0.177 lr:9.8e-05 updt_s:0.073 data_s:0.344
INFO 2025-10-04 03:18:30 ot_train.py:293 step:43K smpl:3M ep:8K epch:11.68 loss:0.013 grdn:0.179 lr:9.8e-05 updt_s:0.073 data_s:0.343
INFO 2025-10-04 03:19:53 ot_train.py:293 step:44K smpl:3M ep:8K epch:11.73 loss:0.014 grdn:0.178 lr:9.8e-05 updt_s:0.073 data_s:0.341
INFO 2025-10-04 03:21:20 ot_train.py:293 step:44K smpl:3M ep:8K epch:11.78 loss:0.014 grdn:0.180 lr:9.8e-05 updt_s:0.073 data_s:0.363
INFO 2025-10-04 03:22:45 ot_train.py:293 step:44K smpl:3M ep:8K epch:11.84 loss:0.014 grdn:0.183 lr:9.8e-05 updt_s:0.079 data_s:0.341
INFO 2025-10-04 03:22:45 ot_train.py:302 Checkpoint policy after step 44000
INFO 2025-10-04 03:24:17 ot_train.py:293 step:44K smpl:3M ep:8K epch:11.89 loss:0.014 grdn:0.197 lr:9.8e-05 updt_s:0.077 data_s:0.346
INFO 2025-10-04 03:25:49 ot_train.py:293 step:44K smpl:3M ep:8K epch:11.95 loss:0.014 grdn:0.187 lr:9.8e-05 updt_s:0.083 data_s:0.375
INFO 2025-10-04 03:27:21 ot_train.py:293 step:45K smpl:3M ep:8K epch:12.00 loss:0.014 grdn:0.180 lr:9.8e-05 updt_s:0.081 data_s:0.380
INFO 2025-10-04 03:28:53 ot_train.py:293 step:45K smpl:3M ep:8K epch:12.05 loss:0.014 grdn:0.179 lr:9.8e-05 updt_s:0.081 data_s:0.376
INFO 2025-10-04 03:30:23 ot_train.py:293 step:45K smpl:3M ep:8K epch:12.11 loss:0.014 grdn:0.185 lr:9.8e-05 updt_s:0.075 data_s:0.376
INFO 2025-10-04 03:31:53 ot_train.py:293 step:45K smpl:3M ep:9K epch:12.16 loss:0.014 grdn:0.177 lr:9.8e-05 updt_s:0.071 data_s:0.378
INFO 2025-10-04 03:33:24 ot_train.py:293 step:45K smpl:3M ep:9K epch:12.21 loss:0.013 grdn:0.184 lr:9.8e-05 updt_s:0.075 data_s:0.380
INFO 2025-10-04 03:34:56 ot_train.py:293 step:46K smpl:3M ep:9K epch:12.27 loss:0.013 grdn:0.182 lr:9.8e-05 updt_s:0.074 data_s:0.385
INFO 2025-10-04 03:36:28 ot_train.py:293 step:46K smpl:3M ep:9K epch:12.32 loss:0.014 grdn:0.186 lr:9.8e-05 updt_s:0.077 data_s:0.380
INFO 2025-10-04 03:37:59 ot_train.py:293 step:46K smpl:3M ep:9K epch:12.38 loss:0.014 grdn:0.187 lr:9.8e-05 updt_s:0.079 data_s:0.378
INFO 2025-10-04 03:39:29 ot_train.py:293 step:46K smpl:3M ep:9K epch:12.43 loss:0.014 grdn:0.187 lr:9.8e-05 updt_s:0.075 data_s:0.376
INFO 2025-10-04 03:40:58 ot_train.py:293 step:46K smpl:3M ep:9K epch:12.48 loss:0.014 grdn:0.178 lr:9.8e-05 updt_s:0.076 data_s:0.367
INFO 2025-10-04 03:42:29 ot_train.py:293 step:47K smpl:3M ep:9K epch:12.54 loss:0.013 grdn:0.172 lr:9.8e-05 updt_s:0.076 data_s:0.378
INFO 2025-10-04 03:44:00 ot_train.py:293 step:47K smpl:3M ep:9K epch:12.59 loss:0.014 grdn:0.182 lr:9.8e-05 updt_s:0.078 data_s:0.379
INFO 2025-10-04 03:45:32 ot_train.py:293 step:47K smpl:3M ep:9K epch:12.65 loss:0.014 grdn:0.179 lr:9.8e-05 updt_s:0.078 data_s:0.378
INFO 2025-10-04 03:47:04 ot_train.py:293 step:47K smpl:3M ep:9K epch:12.70 loss:0.014 grdn:0.181 lr:9.8e-05 updt_s:0.077 data_s:0.387
INFO 2025-10-04 03:48:40 ot_train.py:293 step:47K smpl:3M ep:9K epch:12.75 loss:0.013 grdn:0.183 lr:9.8e-05 updt_s:0.078 data_s:0.401
INFO 2025-10-04 03:50:07 ot_train.py:293 step:48K smpl:3M ep:9K epch:12.81 loss:0.013 grdn:0.176 lr:9.8e-05 updt_s:0.080 data_s:0.354
INFO 2025-10-04 03:51:37 ot_train.py:293 step:48K smpl:3M ep:9K epch:12.86 loss:0.014 grdn:0.185 lr:9.8e-05 updt_s:0.081 data_s:0.367
INFO 2025-10-04 03:53:08 ot_train.py:293 step:48K smpl:3M ep:9K epch:12.91 loss:0.014 grdn:0.194 lr:9.8e-05 updt_s:0.078 data_s:0.379
INFO 2025-10-04 03:53:08 ot_train.py:302 Checkpoint policy after step 48000
INFO 2025-10-04 03:54:51 ot_train.py:293 step:48K smpl:3M ep:9K epch:12.97 loss:0.013 grdn:0.172 lr:9.8e-05 updt_s:0.086 data_s:0.393
INFO 2025-10-04 03:56:24 ot_train.py:293 step:48K smpl:3M ep:9K epch:13.02 loss:0.014 grdn:0.198 lr:9.8e-05 updt_s:0.078 data_s:0.386
INFO 2025-10-04 03:58:04 ot_train.py:293 step:49K smpl:3M ep:9K epch:13.08 loss:0.014 grdn:0.173 lr:9.8e-05 updt_s:0.080 data_s:0.415
INFO 2025-10-04 03:59:44 ot_train.py:293 step:49K smpl:3M ep:9K epch:13.13 loss:0.013 grdn:0.179 lr:9.8e-05 updt_s:0.081 data_s:0.418
INFO 2025-10-04 04:01:21 ot_train.py:293 step:49K smpl:3M ep:9K epch:13.18 loss:0.014 grdn:0.190 lr:9.8e-05 updt_s:0.079 data_s:0.407
INFO 2025-10-04 04:02:56 ot_train.py:293 step:49K smpl:3M ep:9K epch:13.24 loss:0.014 grdn:0.184 lr:9.8e-05 updt_s:0.076 data_s:0.398
INFO 2025-10-04 04:04:35 ot_train.py:293 step:49K smpl:3M ep:9K epch:13.29 loss:0.014 grdn:0.180 lr:9.8e-05 updt_s:0.082 data_s:0.412
INFO 2025-10-04 04:06:15 ot_train.py:293 step:50K smpl:3M ep:9K epch:13.34 loss:0.013 grdn:0.175 lr:9.8e-05 updt_s:0.078 data_s:0.422
INFO 2025-10-04 04:07:53 ot_train.py:293 step:50K smpl:3M ep:9K epch:13.40 loss:0.013 grdn:0.174 lr:9.8e-05 updt_s:0.078 data_s:0.414
INFO 2025-10-04 04:09:29 ot_train.py:293 step:50K smpl:3M ep:9K epch:13.45 loss:0.013 grdn:0.168 lr:9.8e-05 updt_s:0.076 data_s:0.402
INFO 2025-10-04 04:11:09 ot_train.py:293 step:50K smpl:3M ep:9K epch:13.51 loss:0.013 grdn:0.181 lr:9.8e-05 updt_s:0.081 data_s:0.419
INFO 2025-10-04 04:12:49 ot_train.py:293 step:50K smpl:3M ep:9K epch:13.56 loss:0.014 grdn:0.196 lr:9.8e-05 updt_s:0.080 data_s:0.421
INFO 2025-10-04 04:14:29 ot_train.py:293 step:51K smpl:3M ep:10K epch:13.61 loss:0.013 grdn:0.178 lr:9.8e-05 updt_s:0.081 data_s:0.418
INFO 2025-10-04 04:16:06 ot_train.py:293 step:51K smpl:3M ep:10K epch:13.67 loss:0.013 grdn:0.185 lr:9.8e-05 updt_s:0.079 data_s:0.404
INFO 2025-10-04 04:17:46 ot_train.py:293 step:51K smpl:3M ep:10K epch:13.72 loss:0.014 grdn:0.178 lr:9.8e-05 updt_s:0.077 data_s:0.426
INFO 2025-10-04 04:19:26 ot_train.py:293 step:51K smpl:3M ep:10K epch:13.78 loss:0.014 grdn:0.188 lr:9.7e-05 updt_s:0.080 data_s:0.419
INFO 2025-10-04 04:21:06 ot_train.py:293 step:51K smpl:3M ep:10K epch:13.83 loss:0.014 grdn:0.190 lr:9.7e-05 updt_s:0.077 data_s:0.424
INFO 2025-10-04 04:22:41 ot_train.py:293 step:52K smpl:3M ep:10K epch:13.88 loss:0.013 grdn:0.168 lr:9.7e-05 updt_s:0.071 data_s:0.403
INFO 2025-10-04 04:24:21 ot_train.py:293 step:52K smpl:3M ep:10K epch:13.94 loss:0.014 grdn:0.179 lr:9.7e-05 updt_s:0.075 data_s:0.421
INFO 2025-10-04 04:26:01 ot_train.py:293 step:52K smpl:3M ep:10K epch:13.99 loss:0.014 grdn:0.180 lr:9.7e-05 updt_s:0.077 data_s:0.424
INFO 2025-10-04 04:26:01 ot_train.py:302 Checkpoint policy after step 52000
INFO 2025-10-04 04:27:39 ot_train.py:293 step:52K smpl:3M ep:10K epch:14.04 loss:0.013 grdn:0.177 lr:9.7e-05 updt_s:0.073 data_s:0.375
INFO 2025-10-04 04:29:19 ot_train.py:293 step:52K smpl:3M ep:10K epch:14.10 loss:0.013 grdn:0.180 lr:9.7e-05 updt_s:0.081 data_s:0.416
INFO 2025-10-04 04:31:02 ot_train.py:293 step:53K smpl:3M ep:10K epch:14.15 loss:0.014 grdn:0.175 lr:9.7e-05 updt_s:0.086 data_s:0.431
INFO 2025-10-04 04:32:40 ot_train.py:293 step:53K smpl:3M ep:10K epch:14.21 loss:0.013 grdn:0.175 lr:9.7e-05 updt_s:0.081 data_s:0.407
INFO 2025-10-04 04:34:13 ot_train.py:293 step:53K smpl:3M ep:10K epch:14.26 loss:0.014 grdn:0.179 lr:9.7e-05 updt_s:0.079 data_s:0.385
INFO 2025-10-04 04:35:47 ot_train.py:293 step:53K smpl:3M ep:10K epch:14.31 loss:0.013 grdn:0.178 lr:9.7e-05 updt_s:0.082 data_s:0.389
INFO 2025-10-04 04:37:20 ot_train.py:293 step:53K smpl:3M ep:10K epch:14.37 loss:0.013 grdn:0.175 lr:9.7e-05 updt_s:0.077 data_s:0.390
INFO 2025-10-04 04:38:51 ot_train.py:293 step:54K smpl:3M ep:10K epch:14.42 loss:0.013 grdn:0.164 lr:9.7e-05 updt_s:0.078 data_s:0.373
INFO 2025-10-04 04:40:21 ot_train.py:293 step:54K smpl:3M ep:10K epch:14.47 loss:0.014 grdn:0.182 lr:9.7e-05 updt_s:0.079 data_s:0.371
INFO 2025-10-04 04:41:53 ot_train.py:293 step:54K smpl:3M ep:10K epch:14.53 loss:0.014 grdn:0.178 lr:9.7e-05 updt_s:0.079 data_s:0.382
INFO 2025-10-04 04:43:22 ot_train.py:293 step:54K smpl:3M ep:10K epch:14.58 loss:0.013 grdn:0.182 lr:9.7e-05 updt_s:0.076 data_s:0.368
INFO 2025-10-04 04:44:50 ot_train.py:293 step:54K smpl:3M ep:10K epch:14.64 loss:0.013 grdn:0.175 lr:9.7e-05 updt_s:0.077 data_s:0.363
INFO 2025-10-04 04:46:20 ot_train.py:293 step:55K smpl:3M ep:10K epch:14.69 loss:0.013 grdn:0.172 lr:9.7e-05 updt_s:0.075 data_s:0.373
INFO 2025-10-04 04:48:09 ot_train.py:293 step:55K smpl:4M ep:10K epch:14.74 loss:0.013 grdn:0.171 lr:9.7e-05 updt_s:0.084 data_s:0.459
INFO 2025-10-04 04:49:42 ot_train.py:293 step:55K smpl:4M ep:10K epch:14.80 loss:0.013 grdn:0.173 lr:9.7e-05 updt_s:0.080 data_s:0.389
INFO 2025-10-04 04:51:17 ot_train.py:293 step:55K smpl:4M ep:10K epch:14.85 loss:0.013 grdn:0.170 lr:9.7e-05 updt_s:0.080 data_s:0.392
INFO 2025-10-04 04:52:53 ot_train.py:293 step:55K smpl:4M ep:10K epch:14.91 loss:0.013 grdn:0.181 lr:9.7e-05 updt_s:0.081 data_s:0.400
INFO 2025-10-04 04:54:29 ot_train.py:293 step:56K smpl:4M ep:10K epch:14.96 loss:0.013 grdn:0.191 lr:9.7e-05 updt_s:0.080 data_s:0.401
INFO 2025-10-04 04:56:03 ot_train.py:293 step:56K smpl:4M ep:11K epch:15.01 loss:0.014 grdn:0.177 lr:9.7e-05 updt_s:0.080 data_s:0.389
INFO 2025-10-04 04:57:34 ot_train.py:293 step:56K smpl:4M ep:11K epch:15.07 loss:0.013 grdn:0.182 lr:9.7e-05 updt_s:0.076 data_s:0.378
INFO 2025-10-04 04:57:34 ot_train.py:302 Checkpoint policy after step 56000
INFO 2025-10-04 04:59:10 ot_train.py:293 step:56K smpl:4M ep:11K epch:15.12 loss:0.013 grdn:0.175 lr:9.7e-05 updt_s:0.074 data_s:0.350
INFO 2025-10-04 05:00:53 ot_train.py:293 step:56K smpl:4M ep:11K epch:15.17 loss:0.013 grdn:0.173 lr:9.7e-05 updt_s:0.077 data_s:0.435
INFO 2025-10-04 05:02:24 ot_train.py:293 step:57K smpl:4M ep:11K epch:15.23 loss:0.013 grdn:0.164 lr:9.7e-05 updt_s:0.079 data_s:0.377
INFO 2025-10-04 05:03:52 ot_train.py:293 step:57K smpl:4M ep:11K epch:15.28 loss:0.014 grdn:0.184 lr:9.7e-05 updt_s:0.078 data_s:0.362
INFO 2025-10-04 05:05:22 ot_train.py:293 step:57K smpl:4M ep:11K epch:15.34 loss:0.014 grdn:0.187 lr:9.7e-05 updt_s:0.078 data_s:0.368
INFO 2025-10-04 05:06:48 ot_train.py:293 step:57K smpl:4M ep:11K epch:15.39 loss:0.013 grdn:0.172 lr:9.7e-05 updt_s:0.073 data_s:0.356
INFO 2025-10-04 05:08:13 ot_train.py:293 step:57K smpl:4M ep:11K epch:15.44 loss:0.012 grdn:0.171 lr:9.7e-05 updt_s:0.073 data_s:0.354
INFO 2025-10-04 05:09:37 ot_train.py:293 step:58K smpl:4M ep:11K epch:15.50 loss:0.013 grdn:0.173 lr:9.7e-05 updt_s:0.071 data_s:0.349
INFO 2025-10-04 05:11:03 ot_train.py:293 step:58K smpl:4M ep:11K epch:15.55 loss:0.013 grdn:0.179 lr:9.7e-05 updt_s:0.074 data_s:0.356
INFO 2025-10-04 05:12:28 ot_train.py:293 step:58K smpl:4M ep:11K epch:15.60 loss:0.013 grdn:0.167 lr:9.7e-05 updt_s:0.074 data_s:0.351
INFO 2025-10-04 05:13:53 ot_train.py:293 step:58K smpl:4M ep:11K epch:15.66 loss:0.014 grdn:0.175 lr:9.7e-05 updt_s:0.072 data_s:0.351
INFO 2025-10-04 05:15:23 ot_train.py:293 step:58K smpl:4M ep:11K epch:15.71 loss:0.013 grdn:0.190 lr:9.7e-05 updt_s:0.078 data_s:0.371
INFO 2025-10-04 05:16:53 ot_train.py:293 step:59K smpl:4M ep:11K epch:15.77 loss:0.013 grdn:0.166 lr:9.7e-05 updt_s:0.076 data_s:0.373
INFO 2025-10-04 05:18:17 ot_train.py:293 step:59K smpl:4M ep:11K epch:15.82 loss:0.013 grdn:0.172 lr:9.7e-05 updt_s:0.077 data_s:0.345
INFO 2025-10-04 05:19:40 ot_train.py:293 step:59K smpl:4M ep:11K epch:15.87 loss:0.013 grdn:0.162 lr:9.7e-05 updt_s:0.075 data_s:0.341
INFO 2025-10-04 05:21:04 ot_train.py:293 step:59K smpl:4M ep:11K epch:15.93 loss:0.013 grdn:0.177 lr:9.7e-05 updt_s:0.076 data_s:0.343
INFO 2025-10-04 05:22:27 ot_train.py:293 step:59K smpl:4M ep:11K epch:15.98 loss:0.013 grdn:0.176 lr:9.7e-05 updt_s:0.073 data_s:0.340
INFO 2025-10-04 05:23:49 ot_train.py:293 step:60K smpl:4M ep:11K epch:16.04 loss:0.013 grdn:0.169 lr:9.7e-05 updt_s:0.072 data_s:0.341
INFO 2025-10-04 05:25:14 ot_train.py:293 step:60K smpl:4M ep:11K epch:16.09 loss:0.013 grdn:0.170 lr:9.7e-05 updt_s:0.073 data_s:0.352
INFO 2025-10-04 05:26:37 ot_train.py:293 step:60K smpl:4M ep:11K epch:16.14 loss:0.013 grdn:0.179 lr:9.7e-05 updt_s:0.071 data_s:0.341
INFO 2025-10-04 05:26:37 ot_train.py:302 Checkpoint policy after step 60000
INFO 2025-10-04 05:28:06 ot_train.py:293 step:60K smpl:4M ep:11K epch:16.20 loss:0.013 grdn:0.181 lr:9.7e-05 updt_s:0.073 data_s:0.333
INFO 2025-10-04 05:29:30 ot_train.py:293 step:60K smpl:4M ep:11K epch:16.25 loss:0.013 grdn:0.174 lr:9.7e-05 updt_s:0.073 data_s:0.348
INFO 2025-10-04 05:30:53 ot_train.py:293 step:61K smpl:4M ep:11K epch:16.30 loss:0.013 grdn:0.181 lr:9.6e-05 updt_s:0.070 data_s:0.348
INFO 2025-10-04 05:32:16 ot_train.py:293 step:61K smpl:4M ep:11K epch:16.36 loss:0.013 grdn:0.171 lr:9.6e-05 updt_s:0.072 data_s:0.342
INFO 2025-10-04 05:33:40 ot_train.py:293 step:61K smpl:4M ep:11K epch:16.41 loss:0.013 grdn:0.172 lr:9.6e-05 updt_s:0.072 data_s:0.345
INFO 2025-10-04 05:35:07 ot_train.py:293 step:61K smpl:4M ep:12K epch:16.47 loss:0.013 grdn:0.181 lr:9.6e-05 updt_s:0.073 data_s:0.363
INFO 2025-10-04 05:36:35 ot_train.py:293 step:61K smpl:4M ep:12K epch:16.52 loss:0.013 grdn:0.164 lr:9.6e-05 updt_s:0.076 data_s:0.364
INFO 2025-10-04 05:38:23 ot_train.py:293 step:62K smpl:4M ep:12K epch:16.57 loss:0.013 grdn:0.181 lr:9.6e-05 updt_s:0.088 data_s:0.451
INFO 2025-10-04 05:40:09 ot_train.py:293 step:62K smpl:4M ep:12K epch:16.63 loss:0.013 grdn:0.173 lr:9.6e-05 updt_s:0.091 data_s:0.440
INFO 2025-10-04 05:41:57 ot_train.py:293 step:62K smpl:4M ep:12K epch:16.68 loss:0.012 grdn:0.166 lr:9.6e-05 updt_s:0.085 data_s:0.453
INFO 2025-10-04 05:43:45 ot_train.py:293 step:62K smpl:4M ep:12K epch:16.73 loss:0.013 grdn:0.174 lr:9.6e-05 updt_s:0.091 data_s:0.450
INFO 2025-10-04 05:45:19 ot_train.py:293 step:62K smpl:4M ep:12K epch:16.79 loss:0.013 grdn:0.174 lr:9.6e-05 updt_s:0.083 data_s:0.383
INFO 2025-10-04 05:46:55 ot_train.py:293 step:63K smpl:4M ep:12K epch:16.84 loss:0.013 grdn:0.173 lr:9.6e-05 updt_s:0.082 data_s:0.399
INFO 2025-10-04 05:48:35 ot_train.py:293 step:63K smpl:4M ep:12K epch:16.90 loss:0.013 grdn:0.174 lr:9.6e-05 updt_s:0.084 data_s:0.418
INFO 2025-10-04 05:50:15 ot_train.py:293 step:63K smpl:4M ep:12K epch:16.95 loss:0.013 grdn:0.172 lr:9.6e-05 updt_s:0.087 data_s:0.412
INFO 2025-10-04 05:51:46 ot_train.py:293 step:63K smpl:4M ep:12K epch:17.00 loss:0.013 grdn:0.166 lr:9.6e-05 updt_s:0.079 data_s:0.375
INFO 2025-10-04 05:53:28 ot_train.py:293 step:63K smpl:4M ep:12K epch:17.06 loss:0.013 grdn:0.170 lr:9.6e-05 updt_s:0.084 data_s:0.425
INFO 2025-10-04 05:55:03 ot_train.py:293 step:64K smpl:4M ep:12K epch:17.11 loss:0.013 grdn:0.183 lr:9.6e-05 updt_s:0.080 data_s:0.394
INFO 2025-10-04 05:56:30 ot_train.py:293 step:64K smpl:4M ep:12K epch:17.17 loss:0.013 grdn:0.181 lr:9.6e-05 updt_s:0.074 data_s:0.361
INFO 2025-10-04 05:57:59 ot_train.py:293 step:64K smpl:4M ep:12K epch:17.22 loss:0.013 grdn:0.172 lr:9.6e-05 updt_s:0.075 data_s:0.368
INFO 2025-10-04 05:57:59 ot_train.py:302 Checkpoint policy after step 64000
INFO 2025-10-04 05:59:53 ot_train.py:293 step:64K smpl:4M ep:12K epch:17.27 loss:0.013 grdn:0.171 lr:9.6e-05 updt_s:0.089 data_s:0.436
INFO 2025-10-04 06:01:40 ot_train.py:293 step:64K smpl:4M ep:12K epch:17.33 loss:0.013 grdn:0.181 lr:9.6e-05 updt_s:0.089 data_s:0.448
INFO 2025-10-04 06:03:20 ot_train.py:293 step:65K smpl:4M ep:12K epch:17.38 loss:0.013 grdn:0.172 lr:9.6e-05 updt_s:0.077 data_s:0.420
INFO 2025-10-04 06:05:04 ot_train.py:293 step:65K smpl:4M ep:12K epch:17.43 loss:0.013 grdn:0.177 lr:9.6e-05 updt_s:0.084 data_s:0.434
INFO 2025-10-04 06:06:44 ot_train.py:293 step:65K smpl:4M ep:12K epch:17.49 loss:0.013 grdn:0.179 lr:9.6e-05 updt_s:0.076 data_s:0.424
INFO 2025-10-04 06:08:30 ot_train.py:293 step:65K smpl:4M ep:12K epch:17.54 loss:0.013 grdn:0.184 lr:9.6e-05 updt_s:0.081 data_s:0.449
INFO 2025-10-04 06:10:06 ot_train.py:293 step:65K smpl:4M ep:12K epch:17.60 loss:0.013 grdn:0.169 lr:9.6e-05 updt_s:0.079 data_s:0.402
INFO 2025-10-04 06:11:44 ot_train.py:293 step:66K smpl:4M ep:12K epch:17.65 loss:0.013 grdn:0.173 lr:9.6e-05 updt_s:0.080 data_s:0.407
INFO 2025-10-04 06:13:21 ot_train.py:293 step:66K smpl:4M ep:12K epch:17.70 loss:0.013 grdn:0.165 lr:9.6e-05 updt_s:0.075 data_s:0.411
INFO 2025-10-04 06:14:50 ot_train.py:293 step:66K smpl:4M ep:12K epch:17.76 loss:0.013 grdn:0.167 lr:9.6e-05 updt_s:0.079 data_s:0.367
INFO 2025-10-04 06:16:22 ot_train.py:293 step:66K smpl:4M ep:12K epch:17.81 loss:0.013 grdn:0.178 lr:9.6e-05 updt_s:0.081 data_s:0.378
INFO 2025-10-04 06:17:53 ot_train.py:293 step:66K smpl:4M ep:13K epch:17.86 loss:0.013 grdn:0.172 lr:9.6e-05 updt_s:0.079 data_s:0.376
INFO 2025-10-04 06:19:20 ot_train.py:293 step:67K smpl:4M ep:13K epch:17.92 loss:0.013 grdn:0.174 lr:9.6e-05 updt_s:0.078 data_s:0.358
INFO 2025-10-04 06:20:49 ot_train.py:293 step:67K smpl:4M ep:13K epch:17.97 loss:0.013 grdn:0.174 lr:9.6e-05 updt_s:0.082 data_s:0.364
INFO 2025-10-04 06:22:19 ot_train.py:293 step:67K smpl:4M ep:13K epch:18.03 loss:0.013 grdn:0.169 lr:9.6e-05 updt_s:0.077 data_s:0.368
INFO 2025-10-04 06:23:48 ot_train.py:293 step:67K smpl:4M ep:13K epch:18.08 loss:0.013 grdn:0.172 lr:9.6e-05 updt_s:0.075 data_s:0.373
INFO 2025-10-04 06:25:16 ot_train.py:293 step:67K smpl:4M ep:13K epch:18.13 loss:0.013 grdn:0.170 lr:9.6e-05 updt_s:0.076 data_s:0.363
INFO 2025-10-04 06:26:43 ot_train.py:293 step:68K smpl:4M ep:13K epch:18.19 loss:0.013 grdn:0.178 lr:9.6e-05 updt_s:0.074 data_s:0.358
INFO 2025-10-04 06:28:06 ot_train.py:293 step:68K smpl:4M ep:13K epch:18.24 loss:0.013 grdn:0.176 lr:9.6e-05 updt_s:0.075 data_s:0.343
INFO 2025-10-04 06:29:31 ot_train.py:293 step:68K smpl:4M ep:13K epch:18.30 loss:0.013 grdn:0.176 lr:9.6e-05 updt_s:0.075 data_s:0.348
INFO 2025-10-04 06:29:31 ot_train.py:302 Checkpoint policy after step 68000
INFO 2025-10-04 06:31:03 ot_train.py:293 step:68K smpl:4M ep:13K epch:18.35 loss:0.013 grdn:0.172 lr:9.6e-05 updt_s:0.076 data_s:0.346
INFO 2025-10-04 06:32:31 ot_train.py:293 step:68K smpl:4M ep:13K epch:18.40 loss:0.013 grdn:0.168 lr:9.6e-05 updt_s:0.081 data_s:0.362
INFO 2025-10-04 06:34:03 ot_train.py:293 step:69K smpl:4M ep:13K epch:18.46 loss:0.013 grdn:0.174 lr:9.5e-05 updt_s:0.078 data_s:0.378
INFO 2025-10-04 06:35:33 ot_train.py:293 step:69K smpl:4M ep:13K epch:18.51 loss:0.013 grdn:0.167 lr:9.5e-05 updt_s:0.076 data_s:0.375
INFO 2025-10-04 06:37:03 ot_train.py:293 step:69K smpl:4M ep:13K epch:18.56 loss:0.013 grdn:0.171 lr:9.5e-05 updt_s:0.078 data_s:0.369
INFO 2025-10-04 06:38:35 ot_train.py:293 step:69K smpl:4M ep:13K epch:18.62 loss:0.013 grdn:0.183 lr:9.5e-05 updt_s:0.071 data_s:0.392
INFO 2025-10-04 06:40:04 ot_train.py:293 step:69K smpl:4M ep:13K epch:18.67 loss:0.013 grdn:0.171 lr:9.5e-05 updt_s:0.075 data_s:0.367
INFO 2025-10-04 06:41:36 ot_train.py:293 step:70K smpl:4M ep:13K epch:18.73 loss:0.013 grdn:0.167 lr:9.5e-05 updt_s:0.073 data_s:0.386
INFO 2025-10-04 06:43:05 ot_train.py:293 step:70K smpl:4M ep:13K epch:18.78 loss:0.013 grdn:0.172 lr:9.5e-05 updt_s:0.073 data_s:0.373
INFO 2025-10-04 06:44:32 ot_train.py:293 step:70K smpl:4M ep:13K epch:18.83 loss:0.013 grdn:0.177 lr:9.5e-05 updt_s:0.076 data_s:0.358
INFO 2025-10-04 06:46:00 ot_train.py:293 step:70K smpl:4M ep:13K epch:18.89 loss:0.013 grdn:0.179 lr:9.5e-05 updt_s:0.076 data_s:0.363
INFO 2025-10-04 06:47:25 ot_train.py:293 step:70K smpl:5M ep:13K epch:18.94 loss:0.012 grdn:0.171 lr:9.5e-05 updt_s:0.076 data_s:0.350
INFO 2025-10-04 06:48:50 ot_train.py:293 step:71K smpl:5M ep:13K epch:18.99 loss:0.013 grdn:0.170 lr:9.5e-05 updt_s:0.074 data_s:0.350
INFO 2025-10-04 06:50:14 ot_train.py:293 step:71K smpl:5M ep:13K epch:19.05 loss:0.012 grdn:0.176 lr:9.5e-05 updt_s:0.074 data_s:0.349
INFO 2025-10-04 06:51:38 ot_train.py:293 step:71K smpl:5M ep:13K epch:19.10 loss:0.013 grdn:0.175 lr:9.5e-05 updt_s:0.074 data_s:0.346
INFO 2025-10-04 06:53:02 ot_train.py:293 step:71K smpl:5M ep:13K epch:19.16 loss:0.013 grdn:0.164 lr:9.5e-05 updt_s:0.074 data_s:0.347
INFO 2025-10-04 06:54:26 ot_train.py:293 step:71K smpl:5M ep:13K epch:19.21 loss:0.013 grdn:0.178 lr:9.5e-05 updt_s:0.072 data_s:0.347
INFO 2025-10-04 06:55:51 ot_train.py:293 step:72K smpl:5M ep:13K epch:19.26 loss:0.013 grdn:0.175 lr:9.5e-05 updt_s:0.075 data_s:0.347
INFO 2025-10-04 06:57:21 ot_train.py:293 step:72K smpl:5M ep:14K epch:19.32 loss:0.013 grdn:0.170 lr:9.5e-05 updt_s:0.078 data_s:0.370
INFO 2025-10-04 06:58:51 ot_train.py:293 step:72K smpl:5M ep:14K epch:19.37 loss:0.013 grdn:0.169 lr:9.5e-05 updt_s:0.078 data_s:0.372
INFO 2025-10-04 06:58:51 ot_train.py:302 Checkpoint policy after step 72000
INFO 2025-10-04 07:00:26 ot_train.py:293 step:72K smpl:5M ep:14K epch:19.43 loss:0.013 grdn:0.175 lr:9.5e-05 updt_s:0.075 data_s:0.355
INFO 2025-10-04 07:01:59 ot_train.py:293 step:72K smpl:5M ep:14K epch:19.48 loss:0.013 grdn:0.183 lr:9.5e-05 updt_s:0.082 data_s:0.385
INFO 2025-10-04 07:03:31 ot_train.py:293 step:73K smpl:5M ep:14K epch:19.53 loss:0.013 grdn:0.166 lr:9.5e-05 updt_s:0.080 data_s:0.376
INFO 2025-10-04 07:05:10 ot_train.py:293 step:73K smpl:5M ep:14K epch:19.59 loss:0.012 grdn:0.165 lr:9.5e-05 updt_s:0.081 data_s:0.414
INFO 2025-10-04 07:06:52 ot_train.py:293 step:73K smpl:5M ep:14K epch:19.64 loss:0.013 grdn:0.171 lr:9.5e-05 updt_s:0.085 data_s:0.425
INFO 2025-10-04 07:08:17 ot_train.py:293 step:73K smpl:5M ep:14K epch:19.69 loss:0.013 grdn:0.178 lr:9.5e-05 updt_s:0.073 data_s:0.351
INFO 2025-10-04 07:09:44 ot_train.py:293 step:73K smpl:5M ep:14K epch:19.75 loss:0.013 grdn:0.176 lr:9.5e-05 updt_s:0.078 data_s:0.360
INFO 2025-10-04 07:11:11 ot_train.py:293 step:74K smpl:5M ep:14K epch:19.80 loss:0.012 grdn:0.167 lr:9.5e-05 updt_s:0.075 data_s:0.361
INFO 2025-10-04 07:12:37 ot_train.py:293 step:74K smpl:5M ep:14K epch:19.86 loss:0.013 grdn:0.173 lr:9.5e-05 updt_s:0.074 data_s:0.354
INFO 2025-10-04 07:14:00 ot_train.py:293 step:74K smpl:5M ep:14K epch:19.91 loss:0.013 grdn:0.179 lr:9.5e-05 updt_s:0.073 data_s:0.341
INFO 2025-10-04 07:15:23 ot_train.py:293 step:74K smpl:5M ep:14K epch:19.96 loss:0.013 grdn:0.181 lr:9.5e-05 updt_s:0.072 data_s:0.344
INFO 2025-10-04 07:16:45 ot_train.py:293 step:74K smpl:5M ep:14K epch:20.02 loss:0.013 grdn:0.171 lr:9.5e-05 updt_s:0.072 data_s:0.337
INFO 2025-10-04 07:18:26 ot_train.py:293 step:75K smpl:5M ep:14K epch:20.07 loss:0.013 grdn:0.168 lr:9.5e-05 updt_s:0.079 data_s:0.427
INFO 2025-10-04 07:19:57 ot_train.py:293 step:75K smpl:5M ep:14K epch:20.12 loss:0.013 grdn:0.173 lr:9.5e-05 updt_s:0.078 data_s:0.375
INFO 2025-10-04 07:21:26 ot_train.py:293 step:75K smpl:5M ep:14K epch:20.18 loss:0.013 grdn:0.176 lr:9.5e-05 updt_s:0.077 data_s:0.368
INFO 2025-10-04 07:22:52 ot_train.py:293 step:75K smpl:5M ep:14K epch:20.23 loss:0.012 grdn:0.169 lr:9.5e-05 updt_s:0.074 data_s:0.354
INFO 2025-10-04 07:24:21 ot_train.py:293 step:75K smpl:5M ep:14K epch:20.29 loss:0.012 grdn:0.165 lr:9.5e-05 updt_s:0.076 data_s:0.367
INFO 2025-10-04 07:25:50 ot_train.py:293 step:76K smpl:5M ep:14K epch:20.34 loss:0.013 grdn:0.175 lr:9.5e-05 updt_s:0.074 data_s:0.373
INFO 2025-10-04 07:27:20 ot_train.py:293 step:76K smpl:5M ep:14K epch:20.39 loss:0.012 grdn:0.167 lr:9.5e-05 updt_s:0.078 data_s:0.370
INFO 2025-10-04 07:28:48 ot_train.py:293 step:76K smpl:5M ep:14K epch:20.45 loss:0.013 grdn:0.178 lr:9.4e-05 updt_s:0.077 data_s:0.363
INFO 2025-10-04 07:28:48 ot_train.py:302 Checkpoint policy after step 76000
INFO 2025-10-04 07:30:23 ot_train.py:293 step:76K smpl:5M ep:14K epch:20.50 loss:0.013 grdn:0.172 lr:9.4e-05 updt_s:0.083 data_s:0.353
INFO 2025-10-04 07:31:49 ot_train.py:293 step:76K smpl:5M ep:14K epch:20.56 loss:0.012 grdn:0.168 lr:9.4e-05 updt_s:0.079 data_s:0.348
INFO 2025-10-04 07:33:15 ot_train.py:293 step:77K smpl:5M ep:14K epch:20.61 loss:0.013 grdn:0.185 lr:9.4e-05 updt_s:0.075 data_s:0.357
INFO 2025-10-04 07:34:36 ot_train.py:293 step:77K smpl:5M ep:14K epch:20.66 loss:0.012 grdn:0.161 lr:9.4e-05 updt_s:0.076 data_s:0.327
INFO 2025-10-04 07:35:59 ot_train.py:293 step:77K smpl:5M ep:15K epch:20.72 loss:0.012 grdn:0.172 lr:9.4e-05 updt_s:0.076 data_s:0.338
INFO 2025-10-04 07:37:19 ot_train.py:293 step:77K smpl:5M ep:15K epch:20.77 loss:0.013 grdn:0.161 lr:9.4e-05 updt_s:0.072 data_s:0.329
INFO 2025-10-04 07:38:45 ot_train.py:293 step:77K smpl:5M ep:15K epch:20.82 loss:0.012 grdn:0.162 lr:9.4e-05 updt_s:0.080 data_s:0.350
INFO 2025-10-04 07:40:06 ot_train.py:293 step:78K smpl:5M ep:15K epch:20.88 loss:0.013 grdn:0.168 lr:9.4e-05 updt_s:0.072 data_s:0.335
INFO 2025-10-04 07:41:31 ot_train.py:293 step:78K smpl:5M ep:15K epch:20.93 loss:0.012 grdn:0.175 lr:9.4e-05 updt_s:0.077 data_s:0.344
INFO 2025-10-04 07:42:55 ot_train.py:293 step:78K smpl:5M ep:15K epch:20.99 loss:0.012 grdn:0.161 lr:9.4e-05 updt_s:0.076 data_s:0.343
INFO 2025-10-04 07:44:18 ot_train.py:293 step:78K smpl:5M ep:15K epch:21.04 loss:0.012 grdn:0.172 lr:9.4e-05 updt_s:0.077 data_s:0.338
INFO 2025-10-04 07:45:40 ot_train.py:293 step:78K smpl:5M ep:15K epch:21.09 loss:0.012 grdn:0.159 lr:9.4e-05 updt_s:0.077 data_s:0.333
INFO 2025-10-04 07:47:01 ot_train.py:293 step:79K smpl:5M ep:15K epch:21.15 loss:0.013 grdn:0.176 lr:9.4e-05 updt_s:0.075 data_s:0.329
INFO 2025-10-04 07:48:20 ot_train.py:293 step:79K smpl:5M ep:15K epch:21.20 loss:0.013 grdn:0.163 lr:9.4e-05 updt_s:0.071 data_s:0.324
INFO 2025-10-04 07:49:39 ot_train.py:293 step:79K smpl:5M ep:15K epch:21.25 loss:0.012 grdn:0.176 lr:9.4e-05 updt_s:0.071 data_s:0.325
INFO 2025-10-04 07:50:57 ot_train.py:293 step:79K smpl:5M ep:15K epch:21.31 loss:0.013 grdn:0.182 lr:9.4e-05 updt_s:0.071 data_s:0.321
INFO 2025-10-04 07:52:19 ot_train.py:293 step:79K smpl:5M ep:15K epch:21.36 loss:0.012 grdn:0.172 lr:9.4e-05 updt_s:0.073 data_s:0.332
INFO 2025-10-04 07:53:42 ot_train.py:293 step:80K smpl:5M ep:15K epch:21.42 loss:0.012 grdn:0.166 lr:9.4e-05 updt_s:0.077 data_s:0.338
INFO 2025-10-04 07:54:59 ot_train.py:293 step:80K smpl:5M ep:15K epch:21.47 loss:0.013 grdn:0.176 lr:9.4e-05 updt_s:0.069 data_s:0.319
INFO 2025-10-04 07:56:18 ot_train.py:293 step:80K smpl:5M ep:15K epch:21.52 loss:0.013 grdn:0.167 lr:9.4e-05 updt_s:0.071 data_s:0.324
INFO 2025-10-04 07:56:18 ot_train.py:302 Checkpoint policy after step 80000
INFO 2025-10-04 07:57:52 ot_train.py:293 step:80K smpl:5M ep:15K epch:21.58 loss:0.012 grdn:0.168 lr:9.4e-05 updt_s:0.076 data_s:0.357
INFO 2025-10-04 07:59:18 ot_train.py:293 step:80K smpl:5M ep:15K epch:21.63 loss:0.012 grdn:0.166 lr:9.4e-05 updt_s:0.079 data_s:0.352
INFO 2025-10-04 08:00:41 ot_train.py:293 step:81K smpl:5M ep:15K epch:21.69 loss:0.012 grdn:0.165 lr:9.4e-05 updt_s:0.077 data_s:0.336
INFO 2025-10-04 08:02:08 ot_train.py:293 step:81K smpl:5M ep:15K epch:21.74 loss:0.013 grdn:0.177 lr:9.4e-05 updt_s:0.081 data_s:0.354
INFO 2025-10-04 08:03:35 ot_train.py:293 step:81K smpl:5M ep:15K epch:21.79 loss:0.013 grdn:0.171 lr:9.4e-05 updt_s:0.080 data_s:0.354
INFO 2025-10-04 08:04:58 ot_train.py:293 step:81K smpl:5M ep:15K epch:21.85 loss:0.013 grdn:0.173 lr:9.4e-05 updt_s:0.077 data_s:0.336
INFO 2025-10-04 08:06:21 ot_train.py:293 step:81K smpl:5M ep:15K epch:21.90 loss:0.012 grdn:0.172 lr:9.4e-05 updt_s:0.076 data_s:0.340
INFO 2025-10-04 08:07:46 ot_train.py:293 step:82K smpl:5M ep:15K epch:21.95 loss:0.012 grdn:0.170 lr:9.4e-05 updt_s:0.079 data_s:0.344
INFO 2025-10-04 08:09:09 ot_train.py:293 step:82K smpl:5M ep:15K epch:22.01 loss:0.013 grdn:0.179 lr:9.4e-05 updt_s:0.077 data_s:0.339
INFO 2025-10-04 08:10:31 ot_train.py:293 step:82K smpl:5M ep:15K epch:22.06 loss:0.013 grdn:0.184 lr:9.4e-05 updt_s:0.077 data_s:0.334
INFO 2025-10-04 08:11:51 ot_train.py:293 step:82K smpl:5M ep:15K epch:22.12 loss:0.013 grdn:0.167 lr:9.4e-05 updt_s:0.073 data_s:0.327
INFO 2025-10-04 08:13:20 ot_train.py:293 step:82K smpl:5M ep:16K epch:22.17 loss:0.012 grdn:0.169 lr:9.4e-05 updt_s:0.078 data_s:0.367
INFO 2025-10-04 08:14:45 ot_train.py:293 step:83K smpl:5M ep:16K epch:22.22 loss:0.012 grdn:0.173 lr:9.3e-05 updt_s:0.076 data_s:0.344
INFO 2025-10-04 08:16:12 ot_train.py:293 step:83K smpl:5M ep:16K epch:22.28 loss:0.012 grdn:0.161 lr:9.3e-05 updt_s:0.080 data_s:0.356
INFO 2025-10-04 08:17:35 ot_train.py:293 step:83K smpl:5M ep:16K epch:22.33 loss:0.013 grdn:0.173 lr:9.3e-05 updt_s:0.079 data_s:0.335
INFO 2025-10-04 08:18:58 ot_train.py:293 step:83K smpl:5M ep:16K epch:22.38 loss:0.013 grdn:0.173 lr:9.3e-05 updt_s:0.080 data_s:0.334
INFO 2025-10-04 08:20:24 ot_train.py:293 step:83K smpl:5M ep:16K epch:22.44 loss:0.013 grdn:0.169 lr:9.3e-05 updt_s:0.077 data_s:0.356
INFO 2025-10-04 08:21:49 ot_train.py:293 step:84K smpl:5M ep:16K epch:22.49 loss:0.012 grdn:0.170 lr:9.3e-05 updt_s:0.069 data_s:0.354
INFO 2025-10-04 08:23:15 ot_train.py:293 step:84K smpl:5M ep:16K epch:22.55 loss:0.013 grdn:0.181 lr:9.3e-05 updt_s:0.075 data_s:0.356
INFO 2025-10-04 08:24:39 ot_train.py:293 step:84K smpl:5M ep:16K epch:22.60 loss:0.012 grdn:0.168 lr:9.3e-05 updt_s:0.080 data_s:0.338
INFO 2025-10-04 08:24:39 ot_train.py:302 Checkpoint policy after step 84000
INFO 2025-10-04 08:26:16 ot_train.py:293 step:84K smpl:5M ep:16K epch:22.65 loss:0.012 grdn:0.165 lr:9.3e-05 updt_s:0.082 data_s:0.369
INFO 2025-10-04 08:27:45 ot_train.py:293 step:84K smpl:5M ep:16K epch:22.71 loss:0.012 grdn:0.165 lr:9.3e-05 updt_s:0.079 data_s:0.367
INFO 2025-10-04 08:29:16 ot_train.py:293 step:85K smpl:5M ep:16K epch:22.76 loss:0.013 grdn:0.176 lr:9.3e-05 updt_s:0.080 data_s:0.370
INFO 2025-10-04 08:30:51 ot_train.py:293 step:85K smpl:5M ep:16K epch:22.82 loss:0.013 grdn:0.175 lr:9.3e-05 updt_s:0.081 data_s:0.397
INFO 2025-10-04 08:32:22 ot_train.py:293 step:85K smpl:5M ep:16K epch:22.87 loss:0.013 grdn:0.171 lr:9.3e-05 updt_s:0.079 data_s:0.372
INFO 2025-10-04 08:33:51 ot_train.py:293 step:85K smpl:5M ep:16K epch:22.92 loss:0.012 grdn:0.170 lr:9.3e-05 updt_s:0.081 data_s:0.365
INFO 2025-10-04 08:35:33 ot_train.py:293 step:85K smpl:5M ep:16K epch:22.98 loss:0.013 grdn:0.176 lr:9.3e-05 updt_s:0.091 data_s:0.420
INFO 2025-10-04 08:37:13 ot_train.py:293 step:86K smpl:5M ep:16K epch:23.03 loss:0.013 grdn:0.176 lr:9.3e-05 updt_s:0.087 data_s:0.412
INFO 2025-10-04 08:38:45 ot_train.py:293 step:86K smpl:5M ep:16K epch:23.08 loss:0.013 grdn:0.174 lr:9.3e-05 updt_s:0.082 data_s:0.379
INFO 2025-10-04 08:40:17 ot_train.py:293 step:86K smpl:6M ep:16K epch:23.14 loss:0.012 grdn:0.170 lr:9.3e-05 updt_s:0.081 data_s:0.374
INFO 2025-10-04 08:41:45 ot_train.py:293 step:86K smpl:6M ep:16K epch:23.19 loss:0.013 grdn:0.162 lr:9.3e-05 updt_s:0.078 data_s:0.363
INFO 2025-10-04 08:43:16 ot_train.py:293 step:86K smpl:6M ep:16K epch:23.25 loss:0.012 grdn:0.164 lr:9.3e-05 updt_s:0.075 data_s:0.380
INFO 2025-10-04 08:44:48 ot_train.py:293 step:87K smpl:6M ep:16K epch:23.30 loss:0.012 grdn:0.170 lr:9.3e-05 updt_s:0.078 data_s:0.379
INFO 2025-10-04 08:46:23 ot_train.py:293 step:87K smpl:6M ep:16K epch:23.35 loss:0.012 grdn:0.161 lr:9.3e-05 updt_s:0.083 data_s:0.392
INFO 2025-10-04 08:47:53 ot_train.py:293 step:87K smpl:6M ep:16K epch:23.41 loss:0.012 grdn:0.174 lr:9.3e-05 updt_s:0.081 data_s:0.369
INFO 2025-10-04 08:49:22 ot_train.py:293 step:87K smpl:6M ep:16K epch:23.46 loss:0.012 grdn:0.163 lr:9.3e-05 updt_s:0.080 data_s:0.363
INFO 2025-10-04 08:50:53 ot_train.py:293 step:87K smpl:6M ep:16K epch:23.51 loss:0.012 grdn:0.170 lr:9.3e-05 updt_s:0.078 data_s:0.378
INFO 2025-10-04 08:52:22 ot_train.py:293 step:88K smpl:6M ep:16K epch:23.57 loss:0.012 grdn:0.160 lr:9.3e-05 updt_s:0.084 data_s:0.361
INFO 2025-10-04 08:53:49 ot_train.py:293 step:88K smpl:6M ep:17K epch:23.62 loss:0.012 grdn:0.172 lr:9.3e-05 updt_s:0.082 data_s:0.353
INFO 2025-10-04 08:55:24 ot_train.py:293 step:88K smpl:6M ep:17K epch:23.68 loss:0.012 grdn:0.161 lr:9.3e-05 updt_s:0.087 data_s:0.390
INFO 2025-10-04 08:55:24 ot_train.py:302 Checkpoint policy after step 88000
INFO 2025-10-04 08:57:01 ot_train.py:293 step:88K smpl:6M ep:17K epch:23.73 loss:0.012 grdn:0.166 lr:9.3e-05 updt_s:0.080 data_s:0.355
INFO 2025-10-04 08:58:25 ot_train.py:293 step:88K smpl:6M ep:17K epch:23.78 loss:0.012 grdn:0.168 lr:9.3e-05 updt_s:0.073 data_s:0.342
INFO 2025-10-04 08:59:54 ot_train.py:293 step:89K smpl:6M ep:17K epch:23.84 loss:0.012 grdn:0.173 lr:9.3e-05 updt_s:0.078 data_s:0.370
INFO 2025-10-04 09:01:27 ot_train.py:293 step:89K smpl:6M ep:17K epch:23.89 loss:0.012 grdn:0.165 lr:9.3e-05 updt_s:0.081 data_s:0.384
INFO 2025-10-04 09:02:48 ot_train.py:293 step:89K smpl:6M ep:17K epch:23.95 loss:0.012 grdn:0.171 lr:9.2e-05 updt_s:0.074 data_s:0.330
INFO 2025-10-04 09:04:10 ot_train.py:293 step:89K smpl:6M ep:17K epch:24.00 loss:0.012 grdn:0.161 lr:9.2e-05 updt_s:0.074 data_s:0.334
INFO 2025-10-04 09:05:33 ot_train.py:293 step:89K smpl:6M ep:17K epch:24.05 loss:0.012 grdn:0.179 lr:9.2e-05 updt_s:0.072 data_s:0.342
INFO 2025-10-04 09:06:52 ot_train.py:293 step:90K smpl:6M ep:17K epch:24.11 loss:0.013 grdn:0.174 lr:9.2e-05 updt_s:0.074 data_s:0.323
INFO 2025-10-04 09:08:12 ot_train.py:293 step:90K smpl:6M ep:17K epch:24.16 loss:0.012 grdn:0.174 lr:9.2e-05 updt_s:0.073 data_s:0.324
INFO 2025-10-04 09:09:30 ot_train.py:293 step:90K smpl:6M ep:17K epch:24.21 loss:0.012 grdn:0.166 lr:9.2e-05 updt_s:0.071 data_s:0.318
INFO 2025-10-04 09:10:50 ot_train.py:293 step:90K smpl:6M ep:17K epch:24.27 loss:0.013 grdn:0.170 lr:9.2e-05 updt_s:0.073 data_s:0.330
INFO 2025-10-04 09:12:09 ot_train.py:293 step:90K smpl:6M ep:17K epch:24.32 loss:0.012 grdn:0.177 lr:9.2e-05 updt_s:0.073 data_s:0.321
INFO 2025-10-04 09:13:30 ot_train.py:293 step:91K smpl:6M ep:17K epch:24.38 loss:0.012 grdn:0.168 lr:9.2e-05 updt_s:0.072 data_s:0.329
INFO 2025-10-04 09:14:52 ot_train.py:293 step:91K smpl:6M ep:17K epch:24.43 loss:0.012 grdn:0.167 lr:9.2e-05 updt_s:0.074 data_s:0.338
INFO 2025-10-04 09:16:14 ot_train.py:293 step:91K smpl:6M ep:17K epch:24.48 loss:0.012 grdn:0.177 lr:9.2e-05 updt_s:0.073 data_s:0.335
INFO 2025-10-04 09:17:39 ot_train.py:293 step:91K smpl:6M ep:17K epch:24.54 loss:0.012 grdn:0.176 lr:9.2e-05 updt_s:0.074 data_s:0.354
INFO 2025-10-04 09:19:07 ot_train.py:293 step:91K smpl:6M ep:17K epch:24.59 loss:0.012 grdn:0.168 lr:9.2e-05 updt_s:0.078 data_s:0.362
INFO 2025-10-04 09:20:27 ot_train.py:293 step:92K smpl:6M ep:17K epch:24.64 loss:0.013 grdn:0.172 lr:9.2e-05 updt_s:0.074 data_s:0.326
INFO 2025-10-04 09:21:46 ot_train.py:293 step:92K smpl:6M ep:17K epch:24.70 loss:0.013 grdn:0.175 lr:9.2e-05 updt_s:0.072 data_s:0.322
INFO 2025-10-04 09:23:07 ot_train.py:293 step:92K smpl:6M ep:17K epch:24.75 loss:0.012 grdn:0.171 lr:9.2e-05 updt_s:0.075 data_s:0.328
INFO 2025-10-04 09:23:07 ot_train.py:302 Checkpoint policy after step 92000
INFO 2025-10-04 09:24:40 ot_train.py:293 step:92K smpl:6M ep:17K epch:24.81 loss:0.012 grdn:0.166 lr:9.2e-05 updt_s:0.083 data_s:0.347
INFO 2025-10-04 09:26:05 ot_train.py:293 step:92K smpl:6M ep:17K epch:24.86 loss:0.012 grdn:0.170 lr:9.2e-05 updt_s:0.077 data_s:0.344
INFO 2025-10-04 09:27:26 ot_train.py:293 step:93K smpl:6M ep:17K epch:24.91 loss:0.012 grdn:0.169 lr:9.2e-05 updt_s:0.078 data_s:0.331
INFO 2025-10-04 09:28:46 ot_train.py:293 step:93K smpl:6M ep:17K epch:24.97 loss:0.012 grdn:0.173 lr:9.2e-05 updt_s:0.076 data_s:0.322
INFO 2025-10-04 09:30:05 ot_train.py:293 step:93K smpl:6M ep:18K epch:25.02 loss:0.012 grdn:0.173 lr:9.2e-05 updt_s:0.074 data_s:0.323
INFO 2025-10-04 09:31:25 ot_train.py:293 step:93K smpl:6M ep:18K epch:25.08 loss:0.013 grdn:0.165 lr:9.2e-05 updt_s:0.075 data_s:0.324
INFO 2025-10-04 09:32:45 ot_train.py:293 step:93K smpl:6M ep:18K epch:25.13 loss:0.012 grdn:0.172 lr:9.2e-05 updt_s:0.072 data_s:0.325
INFO 2025-10-04 09:34:05 ot_train.py:293 step:94K smpl:6M ep:18K epch:25.18 loss:0.012 grdn:0.179 lr:9.2e-05 updt_s:0.072 data_s:0.329
INFO 2025-10-04 09:35:26 ot_train.py:293 step:94K smpl:6M ep:18K epch:25.24 loss:0.012 grdn:0.166 lr:9.2e-05 updt_s:0.072 data_s:0.332
INFO 2025-10-04 09:36:46 ot_train.py:293 step:94K smpl:6M ep:18K epch:25.29 loss:0.012 grdn:0.169 lr:9.2e-05 updt_s:0.076 data_s:0.326
INFO 2025-10-04 09:38:07 ot_train.py:293 step:94K smpl:6M ep:18K epch:25.34 loss:0.012 grdn:0.165 lr:9.2e-05 updt_s:0.074 data_s:0.327
INFO 2025-10-04 09:39:27 ot_train.py:293 step:94K smpl:6M ep:18K epch:25.40 loss:0.012 grdn:0.168 lr:9.2e-05 updt_s:0.074 data_s:0.330
INFO 2025-10-04 09:40:48 ot_train.py:293 step:95K smpl:6M ep:18K epch:25.45 loss:0.012 grdn:0.169 lr:9.2e-05 updt_s:0.073 data_s:0.330
INFO 2025-10-04 09:42:15 ot_train.py:293 step:95K smpl:6M ep:18K epch:25.51 loss:0.012 grdn:0.171 lr:9.1e-05 updt_s:0.076 data_s:0.358
INFO 2025-10-04 09:43:37 ot_train.py:293 step:95K smpl:6M ep:18K epch:25.56 loss:0.012 grdn:0.181 lr:9.1e-05 updt_s:0.079 data_s:0.331
INFO 2025-10-04 09:44:56 ot_train.py:293 step:95K smpl:6M ep:18K epch:25.61 loss:0.012 grdn:0.165 lr:9.1e-05 updt_s:0.077 data_s:0.314
INFO 2025-10-04 09:46:15 ot_train.py:293 step:95K smpl:6M ep:18K epch:25.67 loss:0.012 grdn:0.170 lr:9.1e-05 updt_s:0.074 data_s:0.324
INFO 2025-10-04 09:47:36 ot_train.py:293 step:96K smpl:6M ep:18K epch:25.72 loss:0.012 grdn:0.181 lr:9.1e-05 updt_s:0.081 data_s:0.323
INFO 2025-10-04 09:48:57 ot_train.py:293 step:96K smpl:6M ep:18K epch:25.77 loss:0.012 grdn:0.168 lr:9.1e-05 updt_s:0.078 data_s:0.325
INFO 2025-10-04 09:50:18 ot_train.py:293 step:96K smpl:6M ep:18K epch:25.83 loss:0.012 grdn:0.174 lr:9.1e-05 updt_s:0.071 data_s:0.331
INFO 2025-10-04 09:50:18 ot_train.py:302 Checkpoint policy after step 96000
INFO 2025-10-04 09:51:46 ot_train.py:293 step:96K smpl:6M ep:18K epch:25.88 loss:0.012 grdn:0.164 lr:9.1e-05 updt_s:0.078 data_s:0.324
INFO 2025-10-04 09:53:04 ot_train.py:293 step:96K smpl:6M ep:18K epch:25.94 loss:0.012 grdn:0.172 lr:9.1e-05 updt_s:0.074 data_s:0.316
INFO 2025-10-04 09:54:27 ot_train.py:293 step:97K smpl:6M ep:18K epch:25.99 loss:0.012 grdn:0.174 lr:9.1e-05 updt_s:0.078 data_s:0.338
INFO 2025-10-04 09:55:45 ot_train.py:293 step:97K smpl:6M ep:18K epch:26.04 loss:0.013 grdn:0.176 lr:9.1e-05 updt_s:0.075 data_s:0.313
INFO 2025-10-04 09:57:02 ot_train.py:293 step:97K smpl:6M ep:18K epch:26.10 loss:0.012 grdn:0.174 lr:9.1e-05 updt_s:0.073 data_s:0.314
INFO 2025-10-04 09:58:19 ot_train.py:293 step:97K smpl:6M ep:18K epch:26.15 loss:0.012 grdn:0.166 lr:9.1e-05 updt_s:0.076 data_s:0.307
INFO 2025-10-04 09:59:37 ot_train.py:293 step:97K smpl:6M ep:18K epch:26.21 loss:0.012 grdn:0.171 lr:9.1e-05 updt_s:0.075 data_s:0.313
INFO 2025-10-04 10:00:56 ot_train.py:293 step:98K smpl:6M ep:18K epch:26.26 loss:0.012 grdn:0.169 lr:9.1e-05 updt_s:0.076 data_s:0.323
INFO 2025-10-04 10:02:13 ot_train.py:293 step:98K smpl:6M ep:18K epch:26.31 loss:0.012 grdn:0.167 lr:9.1e-05 updt_s:0.075 data_s:0.310
INFO 2025-10-04 10:03:30 ot_train.py:293 step:98K smpl:6M ep:18K epch:26.37 loss:0.012 grdn:0.168 lr:9.1e-05 updt_s:0.072 data_s:0.309
INFO 2025-10-04 10:04:47 ot_train.py:293 step:98K smpl:6M ep:18K epch:26.42 loss:0.012 grdn:0.168 lr:9.1e-05 updt_s:0.072 data_s:0.315
INFO 2025-10-04 10:06:15 ot_train.py:293 step:98K smpl:6M ep:19K epch:26.47 loss:0.012 grdn:0.164 lr:9.1e-05 updt_s:0.079 data_s:0.361
INFO 2025-10-04 10:07:36 ot_train.py:293 step:99K smpl:6M ep:19K epch:26.53 loss:0.012 grdn:0.171 lr:9.1e-05 updt_s:0.078 data_s:0.325
INFO 2025-10-04 10:09:02 ot_train.py:293 step:99K smpl:6M ep:19K epch:26.58 loss:0.012 grdn:0.170 lr:9.1e-05 updt_s:0.087 data_s:0.344
INFO 2025-10-04 10:10:21 ot_train.py:293 step:99K smpl:6M ep:19K epch:26.64 loss:0.012 grdn:0.160 lr:9.1e-05 updt_s:0.072 data_s:0.324
INFO 2025-10-04 10:11:42 ot_train.py:293 step:99K smpl:6M ep:19K epch:26.69 loss:0.012 grdn:0.173 lr:9.1e-05 updt_s:0.077 data_s:0.324
INFO 2025-10-04 10:13:01 ot_train.py:293 step:99K smpl:6M ep:19K epch:26.74 loss:0.012 grdn:0.169 lr:9.1e-05 updt_s:0.077 data_s:0.320
INFO 2025-10-04 10:14:22 ot_train.py:293 step:100K smpl:6M ep:19K epch:26.80 loss:0.012 grdn:0.166 lr:9.1e-05 updt_s:0.077 data_s:0.324
INFO 2025-10-04 10:15:41 ot_train.py:293 step:100K smpl:6M ep:19K epch:26.85 loss:0.012 grdn:0.173 lr:9.1e-05 updt_s:0.075 data_s:0.322
INFO 2025-10-04 10:16:58 ot_train.py:293 step:100K smpl:6M ep:19K epch:26.90 loss:0.012 grdn:0.166 lr:9.1e-05 updt_s:0.073 data_s:0.313
INFO 2025-10-04 10:16:58 ot_train.py:302 Checkpoint policy after step 100000
INFO 2025-10-04 10:18:33 ot_train.py:293 step:100K smpl:6M ep:19K epch:26.96 loss:0.012 grdn:0.166 lr:9.1e-05 updt_s:0.083 data_s:0.354
INFO 2025-10-04 10:20:00 ot_train.py:293 step:100K smpl:6M ep:19K epch:27.01 loss:0.011 grdn:0.168 lr:9.0e-05 updt_s:0.080 data_s:0.356
INFO 2025-10-04 10:21:27 ot_train.py:293 step:101K smpl:6M ep:19K epch:27.07 loss:0.012 grdn:0.171 lr:9.0e-05 updt_s:0.075 data_s:0.357
INFO 2025-10-04 10:22:50 ot_train.py:293 step:101K smpl:6M ep:19K epch:27.12 loss:0.012 grdn:0.167 lr:9.0e-05 updt_s:0.079 data_s:0.339
INFO 2025-10-04 10:24:14 ot_train.py:293 step:101K smpl:6M ep:19K epch:27.17 loss:0.012 grdn:0.170 lr:9.0e-05 updt_s:0.074 data_s:0.342
INFO 2025-10-04 10:25:40 ot_train.py:293 step:101K smpl:6M ep:19K epch:27.23 loss:0.012 grdn:0.172 lr:9.0e-05 updt_s:0.079 data_s:0.352
INFO 2025-10-04 10:27:06 ot_train.py:293 step:101K smpl:6M ep:19K epch:27.28 loss:0.012 grdn:0.175 lr:9.0e-05 updt_s:0.075 data_s:0.355
INFO 2025-10-04 10:28:32 ot_train.py:293 step:102K smpl:7M ep:19K epch:27.34 loss:0.012 grdn:0.172 lr:9.0e-05 updt_s:0.078 data_s:0.352
INFO 2025-10-04 10:29:57 ot_train.py:293 step:102K smpl:7M ep:19K epch:27.39 loss:0.012 grdn:0.169 lr:9.0e-05 updt_s:0.077 data_s:0.349
INFO 2025-10-04 10:31:23 ot_train.py:293 step:102K smpl:7M ep:19K epch:27.44 loss:0.012 grdn:0.164 lr:9.0e-05 updt_s:0.076 data_s:0.352
INFO 2025-10-04 10:32:48 ot_train.py:293 step:102K smpl:7M ep:19K epch:27.50 loss:0.012 grdn:0.165 lr:9.0e-05 updt_s:0.080 data_s:0.343
INFO 2025-10-04 10:34:17 ot_train.py:293 step:102K smpl:7M ep:19K epch:27.55 loss:0.012 grdn:0.169 lr:9.0e-05 updt_s:0.080 data_s:0.365
INFO 2025-10-04 10:35:51 ot_train.py:293 step:103K smpl:7M ep:19K epch:27.60 loss:0.012 grdn:0.163 lr:9.0e-05 updt_s:0.083 data_s:0.387
INFO 2025-10-04 10:37:25 ot_train.py:293 step:103K smpl:7M ep:19K epch:27.66 loss:0.012 grdn:0.160 lr:9.0e-05 updt_s:0.081 data_s:0.392
INFO 2025-10-04 10:38:55 ot_train.py:293 step:103K smpl:7M ep:19K epch:27.71 loss:0.012 grdn:0.155 lr:9.0e-05 updt_s:0.078 data_s:0.367
INFO 2025-10-04 10:40:23 ot_train.py:293 step:103K smpl:7M ep:19K epch:27.77 loss:0.012 grdn:0.166 lr:9.0e-05 updt_s:0.081 data_s:0.361
INFO 2025-10-04 10:41:51 ot_train.py:293 step:103K smpl:7M ep:19K epch:27.82 loss:0.012 grdn:0.161 lr:9.0e-05 updt_s:0.082 data_s:0.358
INFO 2025-10-04 10:43:21 ot_train.py:293 step:104K smpl:7M ep:20K epch:27.87 loss:0.012 grdn:0.173 lr:9.0e-05 updt_s:0.080 data_s:0.369
INFO 2025-10-04 10:44:48 ot_train.py:293 step:104K smpl:7M ep:20K epch:27.93 loss:0.012 grdn:0.173 lr:9.0e-05 updt_s:0.079 data_s:0.355
INFO 2025-10-04 10:46:14 ot_train.py:293 step:104K smpl:7M ep:20K epch:27.98 loss:0.012 grdn:0.169 lr:9.0e-05 updt_s:0.077 data_s:0.353
INFO 2025-10-04 10:46:14 ot_train.py:302 Checkpoint policy after step 104000
INFO 2025-10-04 10:47:46 ot_train.py:293 step:104K smpl:7M ep:20K epch:28.03 loss:0.012 grdn:0.157 lr:9.0e-05 updt_s:0.080 data_s:0.339
INFO 2025-10-04 10:49:15 ot_train.py:293 step:104K smpl:7M ep:20K epch:28.09 loss:0.012 grdn:0.162 lr:9.0e-05 updt_s:0.079 data_s:0.363
INFO 2025-10-04 10:50:50 ot_train.py:293 step:105K smpl:7M ep:20K epch:28.14 loss:0.012 grdn:0.172 lr:9.0e-05 updt_s:0.085 data_s:0.389
INFO 2025-10-04 10:52:15 ot_train.py:293 step:105K smpl:7M ep:20K epch:28.20 loss:0.012 grdn:0.167 lr:9.0e-05 updt_s:0.078 data_s:0.350
INFO 2025-10-04 10:54:05 ot_train.py:293 step:105K smpl:7M ep:20K epch:28.25 loss:0.012 grdn:0.162 lr:9.0e-05 updt_s:0.086 data_s:0.464
INFO 2025-10-04 10:55:42 ot_train.py:293 step:105K smpl:7M ep:20K epch:28.30 loss:0.012 grdn:0.170 lr:9.0e-05 updt_s:0.087 data_s:0.397
INFO 2025-10-04 10:57:11 ot_train.py:293 step:105K smpl:7M ep:20K epch:28.36 loss:0.012 grdn:0.168 lr:9.0e-05 updt_s:0.081 data_s:0.361
INFO 2025-10-04 10:58:44 ot_train.py:293 step:106K smpl:7M ep:20K epch:28.41 loss:0.012 grdn:0.182 lr:8.9e-05 updt_s:0.085 data_s:0.381
INFO 2025-10-04 11:00:19 ot_train.py:293 step:106K smpl:7M ep:20K epch:28.47 loss:0.012 grdn:0.162 lr:8.9e-05 updt_s:0.094 data_s:0.379
INFO 2025-10-04 11:01:50 ot_train.py:293 step:106K smpl:7M ep:20K epch:28.52 loss:0.012 grdn:0.167 lr:8.9e-05 updt_s:0.086 data_s:0.370
INFO 2025-10-04 11:03:11 ot_train.py:293 step:106K smpl:7M ep:20K epch:28.57 loss:0.012 grdn:0.167 lr:8.9e-05 updt_s:0.077 data_s:0.325
INFO 2025-10-04 11:04:42 ot_train.py:293 step:106K smpl:7M ep:20K epch:28.63 loss:0.012 grdn:0.172 lr:8.9e-05 updt_s:0.088 data_s:0.368
INFO 2025-10-04 11:06:07 ot_train.py:293 step:107K smpl:7M ep:20K epch:28.68 loss:0.012 grdn:0.168 lr:8.9e-05 updt_s:0.083 data_s:0.341
INFO 2025-10-04 11:07:34 ot_train.py:293 step:107K smpl:7M ep:20K epch:28.73 loss:0.013 grdn:0.173 lr:8.9e-05 updt_s:0.080 data_s:0.353
INFO 2025-10-04 11:09:08 ot_train.py:293 step:107K smpl:7M ep:20K epch:28.79 loss:0.012 grdn:0.180 lr:8.9e-05 updt_s:0.084 data_s:0.390
INFO 2025-10-04 11:10:33 ot_train.py:293 step:107K smpl:7M ep:20K epch:28.84 loss:0.012 grdn:0.166 lr:8.9e-05 updt_s:0.077 data_s:0.348
INFO 2025-10-04 11:12:05 ot_train.py:293 step:107K smpl:7M ep:20K epch:28.90 loss:0.012 grdn:0.162 lr:8.9e-05 updt_s:0.081 data_s:0.373
INFO 2025-10-04 11:13:30 ot_train.py:293 step:108K smpl:7M ep:20K epch:28.95 loss:0.012 grdn:0.163 lr:8.9e-05 updt_s:0.076 data_s:0.354
INFO 2025-10-04 11:15:02 ot_train.py:293 step:108K smpl:7M ep:20K epch:29.00 loss:0.012 grdn:0.170 lr:8.9e-05 updt_s:0.080 data_s:0.377
INFO 2025-10-04 11:16:30 ot_train.py:293 step:108K smpl:7M ep:20K epch:29.06 loss:0.012 grdn:0.171 lr:8.9e-05 updt_s:0.079 data_s:0.362
INFO 2025-10-04 11:16:30 ot_train.py:302 Checkpoint policy after step 108000
